INFO - ------container reading the contents from spring.xml file and store it in jvms memory----
DEBUG - Adding [systemProperties] PropertySource with lowest search precedence
DEBUG - Adding [systemEnvironment] PropertySource with lowest search precedence
DEBUG - Initialized StandardEnvironment with PropertySources [systemProperties,systemEnvironment]
INFO - Refreshing org.springframework.context.support.ClassPathXmlApplicationContext@1fb3211: startup date [Thu Sep 01 00:53:14 IST 2016]; root of context hierarchy
DEBUG - Adding [systemProperties] PropertySource with lowest search precedence
DEBUG - Adding [systemEnvironment] PropertySource with lowest search precedence
DEBUG - Initialized StandardEnvironment with PropertySources [systemProperties,systemEnvironment]
INFO - Loading XML bean definitions from class path resource [spring.xml]
DEBUG - Using JAXP provider [com.sun.org.apache.xerces.internal.jaxp.DocumentBuilderFactoryImpl]
DEBUG - Loading schema mappings from [META-INF/spring.schemas]
DEBUG - Loaded schema mappings: {http://www.springframework.org/schema/tx/spring-tx-2.5.xsd=org/springframework/transaction/config/spring-tx-2.5.xsd, http://www.springframework.org/schema/cache/spring-cache-4.2.xsd=org/springframework/cache/config/spring-cache-4.2.xsd, http://www.springframework.org/schema/aop/spring-aop-4.1.xsd=org/springframework/aop/config/spring-aop-4.1.xsd, http://www.springframework.org/schema/context/spring-context-3.1.xsd=org/springframework/context/config/spring-context-3.1.xsd, http://www.springframework.org/schema/jdbc/spring-jdbc-4.1.xsd=org/springframework/jdbc/config/spring-jdbc-4.1.xsd, http://www.springframework.org/schema/jms/spring-jms-2.5.xsd=org/springframework/jms/config/spring-jms-2.5.xsd, http://www.springframework.org/schema/mvc/spring-mvc-4.1.xsd=org/springframework/web/servlet/config/spring-mvc-4.1.xsd, http://www.springframework.org/schema/util/spring-util-3.0.xsd=org/springframework/beans/factory/xml/spring-util-3.0.xsd, http://www.springframework.org/schema/tool/spring-tool.xsd=org/springframework/beans/factory/xml/spring-tool-4.2.xsd, http://www.springframework.org/schema/aop/spring-aop-3.2.xsd=org/springframework/aop/config/spring-aop-3.2.xsd, http://www.springframework.org/schema/lang/spring-lang-4.1.xsd=org/springframework/scripting/config/spring-lang-4.1.xsd, http://www.springframework.org/schema/context/spring-context-4.0.xsd=org/springframework/context/config/spring-context-4.0.xsd, http://www.springframework.org/schema/mvc/spring-mvc-3.2.xsd=org/springframework/web/servlet/config/spring-mvc-3.2.xsd, http://www.springframework.org/schema/beans/spring-beans-4.2.xsd=org/springframework/beans/factory/xml/spring-beans-4.2.xsd, http://www.springframework.org/schema/oxm/spring-oxm-3.0.xsd=org/springframework/oxm/config/spring-oxm-3.0.xsd, http://www.springframework.org/schema/tool/spring-tool-4.1.xsd=org/springframework/beans/factory/xml/spring-tool-4.1.xsd, http://www.springframework.org/schema/lang/spring-lang-3.2.xsd=org/springframework/scripting/config/spring-lang-3.2.xsd, http://www.springframework.org/schema/cache/spring-cache-3.2.xsd=org/springframework/cache/config/spring-cache-3.2.xsd, http://www.springframework.org/schema/jee/spring-jee-4.1.xsd=org/springframework/ejb/config/spring-jee-4.1.xsd, http://www.springframework.org/schema/jdbc/spring-jdbc-3.1.xsd=org/springframework/jdbc/config/spring-jdbc-3.1.xsd, http://www.springframework.org/schema/util/spring-util-2.0.xsd=org/springframework/beans/factory/xml/spring-util-2.0.xsd, http://www.springframework.org/schema/task/spring-task-4.2.xsd=org/springframework/scheduling/config/spring-task-4.2.xsd, http://www.springframework.org/schema/tool/spring-tool-3.2.xsd=org/springframework/beans/factory/xml/spring-tool-3.2.xsd, http://www.springframework.org/schema/context/spring-context.xsd=org/springframework/context/config/spring-context-4.2.xsd, http://www.springframework.org/schema/tx/spring-tx-4.2.xsd=org/springframework/transaction/config/spring-tx-4.2.xsd, http://www.springframework.org/schema/cache/spring-cache-4.1.xsd=org/springframework/cache/config/spring-cache-4.1.xsd, http://www.springframework.org/schema/aop/spring-aop-4.0.xsd=org/springframework/aop/config/spring-aop-4.0.xsd, http://www.springframework.org/schema/jee/spring-jee-3.2.xsd=org/springframework/ejb/config/spring-jee-3.2.xsd, http://www.springframework.org/schema/context/spring-context-3.0.xsd=org/springframework/context/config/spring-context-3.0.xsd, http://www.springframework.org/schema/jdbc/spring-jdbc-4.0.xsd=org/springframework/jdbc/config/spring-jdbc-4.0.xsd, http://www.springframework.org/schema/mvc/spring-mvc-4.0.xsd=org/springframework/web/servlet/config/spring-mvc-4.0.xsd, http://www.springframework.org/schema/util/spring-util-2.5.xsd=org/springframework/beans/factory/xml/spring-util-2.5.xsd, http://www.springframework.org/schema/beans/spring-beans-3.2.xsd=org/springframework/beans/factory/xml/spring-beans-3.2.xsd, http://www.springframework.org/schema/aop/spring-aop-3.1.xsd=org/springframework/aop/config/spring-aop-3.1.xsd, http://www.springframework.org/schema/lang/spring-lang-4.0.xsd=org/springframework/scripting/config/spring-lang-4.0.xsd, http://www.springframework.org/schema/mvc/spring-mvc.xsd=org/springframework/web/servlet/config/spring-mvc-4.2.xsd, http://www.springframework.org/schema/mvc/spring-mvc-3.1.xsd=org/springframework/web/servlet/config/spring-mvc-3.1.xsd, http://www.springframework.org/schema/beans/spring-beans-4.1.xsd=org/springframework/beans/factory/xml/spring-beans-4.1.xsd, http://www.springframework.org/schema/tool/spring-tool-4.0.xsd=org/springframework/beans/factory/xml/spring-tool-4.0.xsd, http://www.springframework.org/schema/tx/spring-tx-3.2.xsd=org/springframework/transaction/config/spring-tx-3.2.xsd, http://www.springframework.org/schema/lang/spring-lang-3.1.xsd=org/springframework/scripting/config/spring-lang-3.1.xsd, http://www.springframework.org/schema/cache/spring-cache-3.1.xsd=org/springframework/cache/config/spring-cache-3.1.xsd, http://www.springframework.org/schema/jms/spring-jms-4.2.xsd=org/springframework/jms/config/spring-jms-4.2.xsd, http://www.springframework.org/schema/jee/spring-jee-4.0.xsd=org/springframework/ejb/config/spring-jee-4.0.xsd, http://www.springframework.org/schema/jdbc/spring-jdbc-3.0.xsd=org/springframework/jdbc/config/spring-jdbc-3.0.xsd, http://www.springframework.org/schema/task/spring-task-4.1.xsd=org/springframework/scheduling/config/spring-task-4.1.xsd, http://www.springframework.org/schema/jdbc/spring-jdbc.xsd=org/springframework/jdbc/config/spring-jdbc-4.2.xsd, http://www.springframework.org/schema/tool/spring-tool-3.1.xsd=org/springframework/beans/factory/xml/spring-tool-3.1.xsd, http://www.springframework.org/schema/tx/spring-tx-4.1.xsd=org/springframework/transaction/config/spring-tx-4.1.xsd, http://www.springframework.org/schema/cache/spring-cache-4.0.xsd=org/springframework/cache/config/spring-cache-4.0.xsd, http://www.springframework.org/schema/jee/spring-jee-3.1.xsd=org/springframework/ejb/config/spring-jee-3.1.xsd, http://www.springframework.org/schema/task/spring-task-3.2.xsd=org/springframework/scheduling/config/spring-task-3.2.xsd, http://www.springframework.org/schema/util/spring-util-4.2.xsd=org/springframework/beans/factory/xml/spring-util-4.2.xsd, http://www.springframework.org/schema/beans/spring-beans-3.1.xsd=org/springframework/beans/factory/xml/spring-beans-3.1.xsd, http://www.springframework.org/schema/util/spring-util.xsd=org/springframework/beans/factory/xml/spring-util-4.2.xsd, http://www.springframework.org/schema/aop/spring-aop-3.0.xsd=org/springframework/aop/config/spring-aop-3.0.xsd, http://www.springframework.org/schema/jms/spring-jms-3.2.xsd=org/springframework/jms/config/spring-jms-3.2.xsd, http://www.springframework.org/schema/mvc/spring-mvc-3.0.xsd=org/springframework/web/servlet/config/spring-mvc-3.0.xsd, http://www.springframework.org/schema/beans/spring-beans-4.0.xsd=org/springframework/beans/factory/xml/spring-beans-4.0.xsd, http://www.springframework.org/schema/oxm/spring-oxm-4.2.xsd=org/springframework/oxm/config/spring-oxm-4.2.xsd, http://www.springframework.org/schema/beans/spring-beans.xsd=org/springframework/beans/factory/xml/spring-beans-4.2.xsd, http://www.springframework.org/schema/tx/spring-tx-3.1.xsd=org/springframework/transaction/config/spring-tx-3.1.xsd, http://www.springframework.org/schema/lang/spring-lang-3.0.xsd=org/springframework/scripting/config/spring-lang-3.0.xsd, http://www.springframework.org/schema/context/spring-context-2.5.xsd=org/springframework/context/config/spring-context-2.5.xsd, http://www.springframework.org/schema/jms/spring-jms-4.1.xsd=org/springframework/jms/config/spring-jms-4.1.xsd, http://www.springframework.org/schema/task/spring-task-4.0.xsd=org/springframework/scheduling/config/spring-task-4.0.xsd, http://www.springframework.org/schema/tool/spring-tool-3.0.xsd=org/springframework/beans/factory/xml/spring-tool-3.0.xsd, http://www.springframework.org/schema/tx/spring-tx-4.0.xsd=org/springframework/transaction/config/spring-tx-4.0.xsd, http://www.springframework.org/schema/aop/spring-aop-2.0.xsd=org/springframework/aop/config/spring-aop-2.0.xsd, http://www.springframework.org/schema/jee/spring-jee-3.0.xsd=org/springframework/ejb/config/spring-jee-3.0.xsd, http://www.springframework.org/schema/util/spring-util-4.1.xsd=org/springframework/beans/factory/xml/spring-util-4.1.xsd, http://www.springframework.org/schema/task/spring-task-3.1.xsd=org/springframework/scheduling/config/spring-task-3.1.xsd, http://www.springframework.org/schema/beans/spring-beans-3.0.xsd=org/springframework/beans/factory/xml/spring-beans-3.0.xsd, http://www.springframework.org/schema/websocket/spring-websocket-4.2.xsd=org/springframework/web/socket/config/spring-websocket-4.2.xsd, http://www.springframework.org/schema/websocket/spring-websocket.xsd=org/springframework/web/socket/config/spring-websocket-4.2.xsd, http://www.springframework.org/schema/jee/spring-jee.xsd=org/springframework/ejb/config/spring-jee-4.2.xsd, http://www.springframework.org/schema/jms/spring-jms.xsd=org/springframework/jms/config/spring-jms-4.2.xsd, http://www.springframework.org/schema/aop/spring-aop-2.5.xsd=org/springframework/aop/config/spring-aop-2.5.xsd, http://www.springframework.org/schema/lang/spring-lang-2.0.xsd=org/springframework/scripting/config/spring-lang-2.0.xsd, http://www.springframework.org/schema/oxm/spring-oxm.xsd=org/springframework/oxm/config/spring-oxm-4.2.xsd, http://www.springframework.org/schema/jms/spring-jms-3.1.xsd=org/springframework/jms/config/spring-jms-3.1.xsd, http://www.springframework.org/schema/util/spring-util-3.2.xsd=org/springframework/beans/factory/xml/spring-util-3.2.xsd, http://www.springframework.org/schema/oxm/spring-oxm-4.1.xsd=org/springframework/oxm/config/spring-oxm-4.1.xsd, http://www.springframework.org/schema/task/spring-task.xsd=org/springframework/scheduling/config/spring-task-4.2.xsd, http://www.springframework.org/schema/tool/spring-tool-2.0.xsd=org/springframework/beans/factory/xml/spring-tool-2.0.xsd, http://www.springframework.org/schema/tx/spring-tx-3.0.xsd=org/springframework/transaction/config/spring-tx-3.0.xsd, http://www.springframework.org/schema/lang/spring-lang-2.5.xsd=org/springframework/scripting/config/spring-lang-2.5.xsd, http://www.springframework.org/schema/context/spring-context-4.2.xsd=org/springframework/context/config/spring-context-4.2.xsd, http://www.springframework.org/schema/jms/spring-jms-4.0.xsd=org/springframework/jms/config/spring-jms-4.0.xsd, http://www.springframework.org/schema/jee/spring-jee-2.0.xsd=org/springframework/ejb/config/spring-jee-2.0.xsd, http://www.springframework.org/schema/oxm/spring-oxm-3.2.xsd=org/springframework/oxm/config/spring-oxm-3.2.xsd, http://www.springframework.org/schema/tool/spring-tool-2.5.xsd=org/springframework/beans/factory/xml/spring-tool-2.5.xsd, http://www.springframework.org/schema/jee/spring-jee-2.5.xsd=org/springframework/ejb/config/spring-jee-2.5.xsd, http://www.springframework.org/schema/util/spring-util-4.0.xsd=org/springframework/beans/factory/xml/spring-util-4.0.xsd, http://www.springframework.org/schema/task/spring-task-3.0.xsd=org/springframework/scheduling/config/spring-task-3.0.xsd, http://www.springframework.org/schema/websocket/spring-websocket-4.1.xsd=org/springframework/web/socket/config/spring-websocket-4.1.xsd, http://www.springframework.org/schema/aop/spring-aop-4.2.xsd=org/springframework/aop/config/spring-aop-4.2.xsd, http://www.springframework.org/schema/lang/spring-lang.xsd=org/springframework/scripting/config/spring-lang-4.2.xsd, http://www.springframework.org/schema/context/spring-context-3.2.xsd=org/springframework/context/config/spring-context-3.2.xsd, http://www.springframework.org/schema/jdbc/spring-jdbc-4.2.xsd=org/springframework/jdbc/config/spring-jdbc-4.2.xsd, http://www.springframework.org/schema/jms/spring-jms-3.0.xsd=org/springframework/jms/config/spring-jms-3.0.xsd, http://www.springframework.org/schema/mvc/spring-mvc-4.2.xsd=org/springframework/web/servlet/config/spring-mvc-4.2.xsd, http://www.springframework.org/schema/util/spring-util-3.1.xsd=org/springframework/beans/factory/xml/spring-util-3.1.xsd, http://www.springframework.org/schema/beans/spring-beans-2.0.xsd=org/springframework/beans/factory/xml/spring-beans-2.0.xsd, http://www.springframework.org/schema/oxm/spring-oxm-4.0.xsd=org/springframework/oxm/config/spring-oxm-4.0.xsd, http://www.springframework.org/schema/cache/spring-cache.xsd=org/springframework/cache/config/spring-cache-4.2.xsd, http://www.springframework.org/schema/tx/spring-tx.xsd=org/springframework/transaction/config/spring-tx-4.2.xsd, http://www.springframework.org/schema/lang/spring-lang-4.2.xsd=org/springframework/scripting/config/spring-lang-4.2.xsd, http://www.springframework.org/schema/context/spring-context-4.1.xsd=org/springframework/context/config/spring-context-4.1.xsd, http://www.springframework.org/schema/beans/spring-beans-2.5.xsd=org/springframework/beans/factory/xml/spring-beans-2.5.xsd, http://www.springframework.org/schema/oxm/spring-oxm-3.1.xsd=org/springframework/oxm/config/spring-oxm-3.1.xsd, http://www.springframework.org/schema/tool/spring-tool-4.2.xsd=org/springframework/beans/factory/xml/spring-tool-4.2.xsd, http://www.springframework.org/schema/tx/spring-tx-2.0.xsd=org/springframework/transaction/config/spring-tx-2.0.xsd, http://www.springframework.org/schema/jee/spring-jee-4.2.xsd=org/springframework/ejb/config/spring-jee-4.2.xsd, http://www.springframework.org/schema/jdbc/spring-jdbc-3.2.xsd=org/springframework/jdbc/config/spring-jdbc-3.2.xsd, http://www.springframework.org/schema/aop/spring-aop.xsd=org/springframework/aop/config/spring-aop-4.2.xsd, http://www.springframework.org/schema/websocket/spring-websocket-4.0.xsd=org/springframework/web/socket/config/spring-websocket-4.0.xsd}
DEBUG - Found XML schema [http://www.springframework.org/schema/beans/spring-beans.xsd] in classpath: org/springframework/beans/factory/xml/spring-beans-4.2.xsd
DEBUG - Loading bean definitions
DEBUG - Loaded 6 bean definitions from location pattern [spring.xml]
DEBUG - Bean factory for org.springframework.context.support.ClassPathXmlApplicationContext@1fb3211: org.springframework.beans.factory.support.DefaultListableBeanFactory@1bb8a29: defining beans [empdto,ds,jt,empdao,empmodel,empcontroller]; root of factory hierarchy
DEBUG - Unable to locate MessageSource with name 'messageSource': using default [org.springframework.context.support.DelegatingMessageSource@1c2df08]
DEBUG - Unable to locate ApplicationEventMulticaster with name 'applicationEventMulticaster': using default [org.springframework.context.event.SimpleApplicationEventMulticaster@16998b9]
DEBUG - Pre-instantiating singletons in org.springframework.beans.factory.support.DefaultListableBeanFactory@1bb8a29: defining beans [empdto,ds,jt,empdao,empmodel,empcontroller]; root of factory hierarchy
DEBUG - Unable to locate LifecycleProcessor with name 'lifecycleProcessor': using default [org.springframework.context.support.DefaultLifecycleProcessor@12b71a3]
DEBUG - Returning cached instance of singleton bean 'lifecycleProcessor'
DEBUG - Searching for key 'spring.liveBeansView.mbeanDomain' in [systemProperties]
DEBUG - Searching for key 'spring.liveBeansView.mbeanDomain' in [systemEnvironment]
DEBUG - Could not find key 'spring.liveBeansView.mbeanDomain' in any property source. Returning [null]
INFO - ------creating the obj of EmployeeController by calling getBean()------
DEBUG - Creating instance of bean 'empcontroller'
DEBUG - Creating instance of bean 'empmodel'
DEBUG - Creating instance of bean 'empdao'
DEBUG - Creating instance of bean 'jt'
DEBUG - Creating instance of bean 'ds'
INFO - MLog clients using log4j logging.
DEBUG - Could not find resource path text file for path '/com/mchange/v2/cfg/vmConfigResourcePaths.txt'
DEBUG - Could not find resource path text file for path '/mchange-config-resource-paths.txt'
DEBUG - Reading VM config for path list /com/mchange/v2/log/default-mchange-log.properties, hocon:/reference.conf, /mchange-commons.properties, hocon:/application.conf, /mchange-log.properties, /
DEBUG - The configuration file for resource identifier 'hocon:/reference.conf' could not be found. Skipping.
java.io.FileNotFoundException: No resource available at '/reference.conf' for HOCON identifier 'hocon:/reference.conf'. Also HOCON lib (typesafe-config) is not available.
	at com.mchange.v2.cfg.BasicMultiPropertiesConfig.configSource(BasicMultiPropertiesConfig.java:86)
	at com.mchange.v2.cfg.BasicMultiPropertiesConfig.firstInit(BasicMultiPropertiesConfig.java:174)
	at com.mchange.v2.cfg.BasicMultiPropertiesConfig.<init>(BasicMultiPropertiesConfig.java:110)
	at com.mchange.v2.cfg.ConfigUtils.read(ConfigUtils.java:57)
	at com.mchange.v2.cfg.ConfigUtils.readVmConfig(ConfigUtils.java:106)
	at com.mchange.v2.cfg.MLogConfigSource.readVmConfig(MLogConfigSource.java:46)
	at com.mchange.v2.log.MLogConfig.<clinit>(MLogConfig.java:58)
	at com.mchange.v2.log.MLog.<clinit>(MLog.java:50)
	at com.mchange.v2.naming.JavaBeanReferenceMaker.<clinit>(JavaBeanReferenceMaker.java:51)
	at com.mchange.v2.c3p0.impl.PoolBackedDataSourceBase.<clinit>(PoolBackedDataSourceBase.java:214)
	at sun.reflect.NativeConstructorAccessorImpl.newInstance0(Native Method)
	at sun.reflect.NativeConstructorAccessorImpl.newInstance(NativeConstructorAccessorImpl.java:57)
	at sun.reflect.DelegatingConstructorAccessorImpl.newInstance(DelegatingConstructorAccessorImpl.java:45)
	at java.lang.reflect.Constructor.newInstance(Constructor.java:526)
	at org.springframework.beans.BeanUtils.instantiateClass(BeanUtils.java:147)
	at org.springframework.beans.factory.support.SimpleInstantiationStrategy.instantiate(SimpleInstantiationStrategy.java:89)
	at org.springframework.beans.factory.support.AbstractAutowireCapableBeanFactory.instantiateBean(AbstractAutowireCapableBeanFactory.java:1098)
	at org.springframework.beans.factory.support.AbstractAutowireCapableBeanFactory.createBeanInstance(AbstractAutowireCapableBeanFactory.java:1050)
	at org.springframework.beans.factory.support.AbstractAutowireCapableBeanFactory.doCreateBean(AbstractAutowireCapableBeanFactory.java:510)
	at org.springframework.beans.factory.support.AbstractAutowireCapableBeanFactory.createBean(AbstractAutowireCapableBeanFactory.java:482)
	at org.springframework.beans.factory.support.AbstractBeanFactory.doGetBean(AbstractBeanFactory.java:325)
	at org.springframework.beans.factory.support.AbstractBeanFactory.getBean(AbstractBeanFactory.java:197)
	at org.springframework.beans.factory.support.BeanDefinitionValueResolver.resolveReference(BeanDefinitionValueResolver.java:351)
	at org.springframework.beans.factory.support.BeanDefinitionValueResolver.resolveValueIfNecessary(BeanDefinitionValueResolver.java:108)
	at org.springframework.beans.factory.support.AbstractAutowireCapableBeanFactory.applyPropertyValues(AbstractAutowireCapableBeanFactory.java:1481)
	at org.springframework.beans.factory.support.AbstractAutowireCapableBeanFactory.populateBean(AbstractAutowireCapableBeanFactory.java:1226)
	at org.springframework.beans.factory.support.AbstractAutowireCapableBeanFactory.doCreateBean(AbstractAutowireCapableBeanFactory.java:543)
	at org.springframework.beans.factory.support.AbstractAutowireCapableBeanFactory.createBean(AbstractAutowireCapableBeanFactory.java:482)
	at org.springframework.beans.factory.support.AbstractBeanFactory.doGetBean(AbstractBeanFactory.java:325)
	at org.springframework.beans.factory.support.AbstractBeanFactory.getBean(AbstractBeanFactory.java:197)
	at org.springframework.beans.factory.support.BeanDefinitionValueResolver.resolveReference(BeanDefinitionValueResolver.java:351)
	at org.springframework.beans.factory.support.BeanDefinitionValueResolver.resolveValueIfNecessary(BeanDefinitionValueResolver.java:108)
	at org.springframework.beans.factory.support.ConstructorResolver.resolveConstructorArguments(ConstructorResolver.java:648)
	at org.springframework.beans.factory.support.ConstructorResolver.autowireConstructor(ConstructorResolver.java:140)
	at org.springframework.beans.factory.support.AbstractAutowireCapableBeanFactory.autowireConstructor(AbstractAutowireCapableBeanFactory.java:1143)
	at org.springframework.beans.factory.support.AbstractAutowireCapableBeanFactory.createBeanInstance(AbstractAutowireCapableBeanFactory.java:1046)
	at org.springframework.beans.factory.support.AbstractAutowireCapableBeanFactory.doCreateBean(AbstractAutowireCapableBeanFactory.java:510)
	at org.springframework.beans.factory.support.AbstractAutowireCapableBeanFactory.createBean(AbstractAutowireCapableBeanFactory.java:482)
	at org.springframework.beans.factory.support.AbstractBeanFactory.doGetBean(AbstractBeanFactory.java:325)
	at org.springframework.beans.factory.support.AbstractBeanFactory.getBean(AbstractBeanFactory.java:197)
	at org.springframework.beans.factory.support.BeanDefinitionValueResolver.resolveReference(BeanDefinitionValueResolver.java:351)
	at org.springframework.beans.factory.support.BeanDefinitionValueResolver.resolveValueIfNecessary(BeanDefinitionValueResolver.java:108)
	at org.springframework.beans.factory.support.ConstructorResolver.resolveConstructorArguments(ConstructorResolver.java:648)
	at org.springframework.beans.factory.support.ConstructorResolver.autowireConstructor(ConstructorResolver.java:140)
	at org.springframework.beans.factory.support.AbstractAutowireCapableBeanFactory.autowireConstructor(AbstractAutowireCapableBeanFactory.java:1143)
	at org.springframework.beans.factory.support.AbstractAutowireCapableBeanFactory.createBeanInstance(AbstractAutowireCapableBeanFactory.java:1046)
	at org.springframework.beans.factory.support.AbstractAutowireCapableBeanFactory.doCreateBean(AbstractAutowireCapableBeanFactory.java:510)
	at org.springframework.beans.factory.support.AbstractAutowireCapableBeanFactory.createBean(AbstractAutowireCapableBeanFactory.java:482)
	at org.springframework.beans.factory.support.AbstractBeanFactory.doGetBean(AbstractBeanFactory.java:325)
	at org.springframework.beans.factory.support.AbstractBeanFactory.getBean(AbstractBeanFactory.java:197)
	at org.springframework.beans.factory.support.BeanDefinitionValueResolver.resolveReference(BeanDefinitionValueResolver.java:351)
	at org.springframework.beans.factory.support.BeanDefinitionValueResolver.resolveValueIfNecessary(BeanDefinitionValueResolver.java:108)
	at org.springframework.beans.factory.support.ConstructorResolver.resolveConstructorArguments(ConstructorResolver.java:648)
	at org.springframework.beans.factory.support.ConstructorResolver.autowireConstructor(ConstructorResolver.java:140)
	at org.springframework.beans.factory.support.AbstractAutowireCapableBeanFactory.autowireConstructor(AbstractAutowireCapableBeanFactory.java:1143)
	at org.springframework.beans.factory.support.AbstractAutowireCapableBeanFactory.createBeanInstance(AbstractAutowireCapableBeanFactory.java:1046)
	at org.springframework.beans.factory.support.AbstractAutowireCapableBeanFactory.doCreateBean(AbstractAutowireCapableBeanFactory.java:510)
	at org.springframework.beans.factory.support.AbstractAutowireCapableBeanFactory.createBean(AbstractAutowireCapableBeanFactory.java:482)
	at org.springframework.beans.factory.support.AbstractBeanFactory.doGetBean(AbstractBeanFactory.java:325)
	at org.springframework.beans.factory.support.AbstractBeanFactory.getBean(AbstractBeanFactory.java:202)
	at org.springframework.context.support.AbstractApplicationContext.getBean(AbstractApplicationContext.java:1060)
	at com.raju.springdao.SpringMVCTest.main(SpringMVCTest.java:25)
DEBUG - The configuration file for resource identifier '/mchange-commons.properties' could not be found. Skipping.
java.io.FileNotFoundException: Resource not found at path '/mchange-commons.properties'.
	at com.mchange.v2.cfg.BasicPropertiesConfigSource.propertiesFromSource(BasicPropertiesConfigSource.java:64)
	at com.mchange.v2.cfg.BasicMultiPropertiesConfig.firstInit(BasicMultiPropertiesConfig.java:175)
	at com.mchange.v2.cfg.BasicMultiPropertiesConfig.<init>(BasicMultiPropertiesConfig.java:110)
	at com.mchange.v2.cfg.ConfigUtils.read(ConfigUtils.java:57)
	at com.mchange.v2.cfg.ConfigUtils.readVmConfig(ConfigUtils.java:106)
	at com.mchange.v2.cfg.MLogConfigSource.readVmConfig(MLogConfigSource.java:46)
	at com.mchange.v2.log.MLogConfig.<clinit>(MLogConfig.java:58)
	at com.mchange.v2.log.MLog.<clinit>(MLog.java:50)
	at com.mchange.v2.naming.JavaBeanReferenceMaker.<clinit>(JavaBeanReferenceMaker.java:51)
	at com.mchange.v2.c3p0.impl.PoolBackedDataSourceBase.<clinit>(PoolBackedDataSourceBase.java:214)
	at sun.reflect.NativeConstructorAccessorImpl.newInstance0(Native Method)
	at sun.reflect.NativeConstructorAccessorImpl.newInstance(NativeConstructorAccessorImpl.java:57)
	at sun.reflect.DelegatingConstructorAccessorImpl.newInstance(DelegatingConstructorAccessorImpl.java:45)
	at java.lang.reflect.Constructor.newInstance(Constructor.java:526)
	at org.springframework.beans.BeanUtils.instantiateClass(BeanUtils.java:147)
	at org.springframework.beans.factory.support.SimpleInstantiationStrategy.instantiate(SimpleInstantiationStrategy.java:89)
	at org.springframework.beans.factory.support.AbstractAutowireCapableBeanFactory.instantiateBean(AbstractAutowireCapableBeanFactory.java:1098)
	at org.springframework.beans.factory.support.AbstractAutowireCapableBeanFactory.createBeanInstance(AbstractAutowireCapableBeanFactory.java:1050)
	at org.springframework.beans.factory.support.AbstractAutowireCapableBeanFactory.doCreateBean(AbstractAutowireCapableBeanFactory.java:510)
	at org.springframework.beans.factory.support.AbstractAutowireCapableBeanFactory.createBean(AbstractAutowireCapableBeanFactory.java:482)
	at org.springframework.beans.factory.support.AbstractBeanFactory.doGetBean(AbstractBeanFactory.java:325)
	at org.springframework.beans.factory.support.AbstractBeanFactory.getBean(AbstractBeanFactory.java:197)
	at org.springframework.beans.factory.support.BeanDefinitionValueResolver.resolveReference(BeanDefinitionValueResolver.java:351)
	at org.springframework.beans.factory.support.BeanDefinitionValueResolver.resolveValueIfNecessary(BeanDefinitionValueResolver.java:108)
	at org.springframework.beans.factory.support.AbstractAutowireCapableBeanFactory.applyPropertyValues(AbstractAutowireCapableBeanFactory.java:1481)
	at org.springframework.beans.factory.support.AbstractAutowireCapableBeanFactory.populateBean(AbstractAutowireCapableBeanFactory.java:1226)
	at org.springframework.beans.factory.support.AbstractAutowireCapableBeanFactory.doCreateBean(AbstractAutowireCapableBeanFactory.java:543)
	at org.springframework.beans.factory.support.AbstractAutowireCapableBeanFactory.createBean(AbstractAutowireCapableBeanFactory.java:482)
	at org.springframework.beans.factory.support.AbstractBeanFactory.doGetBean(AbstractBeanFactory.java:325)
	at org.springframework.beans.factory.support.AbstractBeanFactory.getBean(AbstractBeanFactory.java:197)
	at org.springframework.beans.factory.support.BeanDefinitionValueResolver.resolveReference(BeanDefinitionValueResolver.java:351)
	at org.springframework.beans.factory.support.BeanDefinitionValueResolver.resolveValueIfNecessary(BeanDefinitionValueResolver.java:108)
	at org.springframework.beans.factory.support.ConstructorResolver.resolveConstructorArguments(ConstructorResolver.java:648)
	at org.springframework.beans.factory.support.ConstructorResolver.autowireConstructor(ConstructorResolver.java:140)
	at org.springframework.beans.factory.support.AbstractAutowireCapableBeanFactory.autowireConstructor(AbstractAutowireCapableBeanFactory.java:1143)
	at org.springframework.beans.factory.support.AbstractAutowireCapableBeanFactory.createBeanInstance(AbstractAutowireCapableBeanFactory.java:1046)
	at org.springframework.beans.factory.support.AbstractAutowireCapableBeanFactory.doCreateBean(AbstractAutowireCapableBeanFactory.java:510)
	at org.springframework.beans.factory.support.AbstractAutowireCapableBeanFactory.createBean(AbstractAutowireCapableBeanFactory.java:482)
	at org.springframework.beans.factory.support.AbstractBeanFactory.doGetBean(AbstractBeanFactory.java:325)
	at org.springframework.beans.factory.support.AbstractBeanFactory.getBean(AbstractBeanFactory.java:197)
	at org.springframework.beans.factory.support.BeanDefinitionValueResolver.resolveReference(BeanDefinitionValueResolver.java:351)
	at org.springframework.beans.factory.support.BeanDefinitionValueResolver.resolveValueIfNecessary(BeanDefinitionValueResolver.java:108)
	at org.springframework.beans.factory.support.ConstructorResolver.resolveConstructorArguments(ConstructorResolver.java:648)
	at org.springframework.beans.factory.support.ConstructorResolver.autowireConstructor(ConstructorResolver.java:140)
	at org.springframework.beans.factory.support.AbstractAutowireCapableBeanFactory.autowireConstructor(AbstractAutowireCapableBeanFactory.java:1143)
	at org.springframework.beans.factory.support.AbstractAutowireCapableBeanFactory.createBeanInstance(AbstractAutowireCapableBeanFactory.java:1046)
	at org.springframework.beans.factory.support.AbstractAutowireCapableBeanFactory.doCreateBean(AbstractAutowireCapableBeanFactory.java:510)
	at org.springframework.beans.factory.support.AbstractAutowireCapableBeanFactory.createBean(AbstractAutowireCapableBeanFactory.java:482)
	at org.springframework.beans.factory.support.AbstractBeanFactory.doGetBean(AbstractBeanFactory.java:325)
	at org.springframework.beans.factory.support.AbstractBeanFactory.getBean(AbstractBeanFactory.java:197)
	at org.springframework.beans.factory.support.BeanDefinitionValueResolver.resolveReference(BeanDefinitionValueResolver.java:351)
	at org.springframework.beans.factory.support.BeanDefinitionValueResolver.resolveValueIfNecessary(BeanDefinitionValueResolver.java:108)
	at org.springframework.beans.factory.support.ConstructorResolver.resolveConstructorArguments(ConstructorResolver.java:648)
	at org.springframework.beans.factory.support.ConstructorResolver.autowireConstructor(ConstructorResolver.java:140)
	at org.springframework.beans.factory.support.AbstractAutowireCapableBeanFactory.autowireConstructor(AbstractAutowireCapableBeanFactory.java:1143)
	at org.springframework.beans.factory.support.AbstractAutowireCapableBeanFactory.createBeanInstance(AbstractAutowireCapableBeanFactory.java:1046)
	at org.springframework.beans.factory.support.AbstractAutowireCapableBeanFactory.doCreateBean(AbstractAutowireCapableBeanFactory.java:510)
	at org.springframework.beans.factory.support.AbstractAutowireCapableBeanFactory.createBean(AbstractAutowireCapableBeanFactory.java:482)
	at org.springframework.beans.factory.support.AbstractBeanFactory.doGetBean(AbstractBeanFactory.java:325)
	at org.springframework.beans.factory.support.AbstractBeanFactory.getBean(AbstractBeanFactory.java:202)
	at org.springframework.context.support.AbstractApplicationContext.getBean(AbstractApplicationContext.java:1060)
	at com.raju.springdao.SpringMVCTest.main(SpringMVCTest.java:25)
DEBUG - The configuration file for resource identifier 'hocon:/application.conf' could not be found. Skipping.
java.io.FileNotFoundException: No resource available at '/application.conf' for HOCON identifier 'hocon:/application.conf'. Also HOCON lib (typesafe-config) is not available.
	at com.mchange.v2.cfg.BasicMultiPropertiesConfig.configSource(BasicMultiPropertiesConfig.java:86)
	at com.mchange.v2.cfg.BasicMultiPropertiesConfig.firstInit(BasicMultiPropertiesConfig.java:174)
	at com.mchange.v2.cfg.BasicMultiPropertiesConfig.<init>(BasicMultiPropertiesConfig.java:110)
	at com.mchange.v2.cfg.ConfigUtils.read(ConfigUtils.java:57)
	at com.mchange.v2.cfg.ConfigUtils.readVmConfig(ConfigUtils.java:106)
	at com.mchange.v2.cfg.MLogConfigSource.readVmConfig(MLogConfigSource.java:46)
	at com.mchange.v2.log.MLogConfig.<clinit>(MLogConfig.java:58)
	at com.mchange.v2.log.MLog.<clinit>(MLog.java:50)
	at com.mchange.v2.naming.JavaBeanReferenceMaker.<clinit>(JavaBeanReferenceMaker.java:51)
	at com.mchange.v2.c3p0.impl.PoolBackedDataSourceBase.<clinit>(PoolBackedDataSourceBase.java:214)
	at sun.reflect.NativeConstructorAccessorImpl.newInstance0(Native Method)
	at sun.reflect.NativeConstructorAccessorImpl.newInstance(NativeConstructorAccessorImpl.java:57)
	at sun.reflect.DelegatingConstructorAccessorImpl.newInstance(DelegatingConstructorAccessorImpl.java:45)
	at java.lang.reflect.Constructor.newInstance(Constructor.java:526)
	at org.springframework.beans.BeanUtils.instantiateClass(BeanUtils.java:147)
	at org.springframework.beans.factory.support.SimpleInstantiationStrategy.instantiate(SimpleInstantiationStrategy.java:89)
	at org.springframework.beans.factory.support.AbstractAutowireCapableBeanFactory.instantiateBean(AbstractAutowireCapableBeanFactory.java:1098)
	at org.springframework.beans.factory.support.AbstractAutowireCapableBeanFactory.createBeanInstance(AbstractAutowireCapableBeanFactory.java:1050)
	at org.springframework.beans.factory.support.AbstractAutowireCapableBeanFactory.doCreateBean(AbstractAutowireCapableBeanFactory.java:510)
	at org.springframework.beans.factory.support.AbstractAutowireCapableBeanFactory.createBean(AbstractAutowireCapableBeanFactory.java:482)
	at org.springframework.beans.factory.support.AbstractBeanFactory.doGetBean(AbstractBeanFactory.java:325)
	at org.springframework.beans.factory.support.AbstractBeanFactory.getBean(AbstractBeanFactory.java:197)
	at org.springframework.beans.factory.support.BeanDefinitionValueResolver.resolveReference(BeanDefinitionValueResolver.java:351)
	at org.springframework.beans.factory.support.BeanDefinitionValueResolver.resolveValueIfNecessary(BeanDefinitionValueResolver.java:108)
	at org.springframework.beans.factory.support.AbstractAutowireCapableBeanFactory.applyPropertyValues(AbstractAutowireCapableBeanFactory.java:1481)
	at org.springframework.beans.factory.support.AbstractAutowireCapableBeanFactory.populateBean(AbstractAutowireCapableBeanFactory.java:1226)
	at org.springframework.beans.factory.support.AbstractAutowireCapableBeanFactory.doCreateBean(AbstractAutowireCapableBeanFactory.java:543)
	at org.springframework.beans.factory.support.AbstractAutowireCapableBeanFactory.createBean(AbstractAutowireCapableBeanFactory.java:482)
	at org.springframework.beans.factory.support.AbstractBeanFactory.doGetBean(AbstractBeanFactory.java:325)
	at org.springframework.beans.factory.support.AbstractBeanFactory.getBean(AbstractBeanFactory.java:197)
	at org.springframework.beans.factory.support.BeanDefinitionValueResolver.resolveReference(BeanDefinitionValueResolver.java:351)
	at org.springframework.beans.factory.support.BeanDefinitionValueResolver.resolveValueIfNecessary(BeanDefinitionValueResolver.java:108)
	at org.springframework.beans.factory.support.ConstructorResolver.resolveConstructorArguments(ConstructorResolver.java:648)
	at org.springframework.beans.factory.support.ConstructorResolver.autowireConstructor(ConstructorResolver.java:140)
	at org.springframework.beans.factory.support.AbstractAutowireCapableBeanFactory.autowireConstructor(AbstractAutowireCapableBeanFactory.java:1143)
	at org.springframework.beans.factory.support.AbstractAutowireCapableBeanFactory.createBeanInstance(AbstractAutowireCapableBeanFactory.java:1046)
	at org.springframework.beans.factory.support.AbstractAutowireCapableBeanFactory.doCreateBean(AbstractAutowireCapableBeanFactory.java:510)
	at org.springframework.beans.factory.support.AbstractAutowireCapableBeanFactory.createBean(AbstractAutowireCapableBeanFactory.java:482)
	at org.springframework.beans.factory.support.AbstractBeanFactory.doGetBean(AbstractBeanFactory.java:325)
	at org.springframework.beans.factory.support.AbstractBeanFactory.getBean(AbstractBeanFactory.java:197)
	at org.springframework.beans.factory.support.BeanDefinitionValueResolver.resolveReference(BeanDefinitionValueResolver.java:351)
	at org.springframework.beans.factory.support.BeanDefinitionValueResolver.resolveValueIfNecessary(BeanDefinitionValueResolver.java:108)
	at org.springframework.beans.factory.support.ConstructorResolver.resolveConstructorArguments(ConstructorResolver.java:648)
	at org.springframework.beans.factory.support.ConstructorResolver.autowireConstructor(ConstructorResolver.java:140)
	at org.springframework.beans.factory.support.AbstractAutowireCapableBeanFactory.autowireConstructor(AbstractAutowireCapableBeanFactory.java:1143)
	at org.springframework.beans.factory.support.AbstractAutowireCapableBeanFactory.createBeanInstance(AbstractAutowireCapableBeanFactory.java:1046)
	at org.springframework.beans.factory.support.AbstractAutowireCapableBeanFactory.doCreateBean(AbstractAutowireCapableBeanFactory.java:510)
	at org.springframework.beans.factory.support.AbstractAutowireCapableBeanFactory.createBean(AbstractAutowireCapableBeanFactory.java:482)
	at org.springframework.beans.factory.support.AbstractBeanFactory.doGetBean(AbstractBeanFactory.java:325)
	at org.springframework.beans.factory.support.AbstractBeanFactory.getBean(AbstractBeanFactory.java:197)
	at org.springframework.beans.factory.support.BeanDefinitionValueResolver.resolveReference(BeanDefinitionValueResolver.java:351)
	at org.springframework.beans.factory.support.BeanDefinitionValueResolver.resolveValueIfNecessary(BeanDefinitionValueResolver.java:108)
	at org.springframework.beans.factory.support.ConstructorResolver.resolveConstructorArguments(ConstructorResolver.java:648)
	at org.springframework.beans.factory.support.ConstructorResolver.autowireConstructor(ConstructorResolver.java:140)
	at org.springframework.beans.factory.support.AbstractAutowireCapableBeanFactory.autowireConstructor(AbstractAutowireCapableBeanFactory.java:1143)
	at org.springframework.beans.factory.support.AbstractAutowireCapableBeanFactory.createBeanInstance(AbstractAutowireCapableBeanFactory.java:1046)
	at org.springframework.beans.factory.support.AbstractAutowireCapableBeanFactory.doCreateBean(AbstractAutowireCapableBeanFactory.java:510)
	at org.springframework.beans.factory.support.AbstractAutowireCapableBeanFactory.createBean(AbstractAutowireCapableBeanFactory.java:482)
	at org.springframework.beans.factory.support.AbstractBeanFactory.doGetBean(AbstractBeanFactory.java:325)
	at org.springframework.beans.factory.support.AbstractBeanFactory.getBean(AbstractBeanFactory.java:202)
	at org.springframework.context.support.AbstractApplicationContext.getBean(AbstractApplicationContext.java:1060)
	at com.raju.springdao.SpringMVCTest.main(SpringMVCTest.java:25)
DEBUG - The configuration file for resource identifier '/mchange-log.properties' could not be found. Skipping.
java.io.FileNotFoundException: Resource not found at path '/mchange-log.properties'.
	at com.mchange.v2.cfg.BasicPropertiesConfigSource.propertiesFromSource(BasicPropertiesConfigSource.java:64)
	at com.mchange.v2.cfg.BasicMultiPropertiesConfig.firstInit(BasicMultiPropertiesConfig.java:175)
	at com.mchange.v2.cfg.BasicMultiPropertiesConfig.<init>(BasicMultiPropertiesConfig.java:110)
	at com.mchange.v2.cfg.ConfigUtils.read(ConfigUtils.java:57)
	at com.mchange.v2.cfg.ConfigUtils.readVmConfig(ConfigUtils.java:106)
	at com.mchange.v2.cfg.MLogConfigSource.readVmConfig(MLogConfigSource.java:46)
	at com.mchange.v2.log.MLogConfig.<clinit>(MLogConfig.java:58)
	at com.mchange.v2.log.MLog.<clinit>(MLog.java:50)
	at com.mchange.v2.naming.JavaBeanReferenceMaker.<clinit>(JavaBeanReferenceMaker.java:51)
	at com.mchange.v2.c3p0.impl.PoolBackedDataSourceBase.<clinit>(PoolBackedDataSourceBase.java:214)
	at sun.reflect.NativeConstructorAccessorImpl.newInstance0(Native Method)
	at sun.reflect.NativeConstructorAccessorImpl.newInstance(NativeConstructorAccessorImpl.java:57)
	at sun.reflect.DelegatingConstructorAccessorImpl.newInstance(DelegatingConstructorAccessorImpl.java:45)
	at java.lang.reflect.Constructor.newInstance(Constructor.java:526)
	at org.springframework.beans.BeanUtils.instantiateClass(BeanUtils.java:147)
	at org.springframework.beans.factory.support.SimpleInstantiationStrategy.instantiate(SimpleInstantiationStrategy.java:89)
	at org.springframework.beans.factory.support.AbstractAutowireCapableBeanFactory.instantiateBean(AbstractAutowireCapableBeanFactory.java:1098)
	at org.springframework.beans.factory.support.AbstractAutowireCapableBeanFactory.createBeanInstance(AbstractAutowireCapableBeanFactory.java:1050)
	at org.springframework.beans.factory.support.AbstractAutowireCapableBeanFactory.doCreateBean(AbstractAutowireCapableBeanFactory.java:510)
	at org.springframework.beans.factory.support.AbstractAutowireCapableBeanFactory.createBean(AbstractAutowireCapableBeanFactory.java:482)
	at org.springframework.beans.factory.support.AbstractBeanFactory.doGetBean(AbstractBeanFactory.java:325)
	at org.springframework.beans.factory.support.AbstractBeanFactory.getBean(AbstractBeanFactory.java:197)
	at org.springframework.beans.factory.support.BeanDefinitionValueResolver.resolveReference(BeanDefinitionValueResolver.java:351)
	at org.springframework.beans.factory.support.BeanDefinitionValueResolver.resolveValueIfNecessary(BeanDefinitionValueResolver.java:108)
	at org.springframework.beans.factory.support.AbstractAutowireCapableBeanFactory.applyPropertyValues(AbstractAutowireCapableBeanFactory.java:1481)
	at org.springframework.beans.factory.support.AbstractAutowireCapableBeanFactory.populateBean(AbstractAutowireCapableBeanFactory.java:1226)
	at org.springframework.beans.factory.support.AbstractAutowireCapableBeanFactory.doCreateBean(AbstractAutowireCapableBeanFactory.java:543)
	at org.springframework.beans.factory.support.AbstractAutowireCapableBeanFactory.createBean(AbstractAutowireCapableBeanFactory.java:482)
	at org.springframework.beans.factory.support.AbstractBeanFactory.doGetBean(AbstractBeanFactory.java:325)
	at org.springframework.beans.factory.support.AbstractBeanFactory.getBean(AbstractBeanFactory.java:197)
	at org.springframework.beans.factory.support.BeanDefinitionValueResolver.resolveReference(BeanDefinitionValueResolver.java:351)
	at org.springframework.beans.factory.support.BeanDefinitionValueResolver.resolveValueIfNecessary(BeanDefinitionValueResolver.java:108)
	at org.springframework.beans.factory.support.ConstructorResolver.resolveConstructorArguments(ConstructorResolver.java:648)
	at org.springframework.beans.factory.support.ConstructorResolver.autowireConstructor(ConstructorResolver.java:140)
	at org.springframework.beans.factory.support.AbstractAutowireCapableBeanFactory.autowireConstructor(AbstractAutowireCapableBeanFactory.java:1143)
	at org.springframework.beans.factory.support.AbstractAutowireCapableBeanFactory.createBeanInstance(AbstractAutowireCapableBeanFactory.java:1046)
	at org.springframework.beans.factory.support.AbstractAutowireCapableBeanFactory.doCreateBean(AbstractAutowireCapableBeanFactory.java:510)
	at org.springframework.beans.factory.support.AbstractAutowireCapableBeanFactory.createBean(AbstractAutowireCapableBeanFactory.java:482)
	at org.springframework.beans.factory.support.AbstractBeanFactory.doGetBean(AbstractBeanFactory.java:325)
	at org.springframework.beans.factory.support.AbstractBeanFactory.getBean(AbstractBeanFactory.java:197)
	at org.springframework.beans.factory.support.BeanDefinitionValueResolver.resolveReference(BeanDefinitionValueResolver.java:351)
	at org.springframework.beans.factory.support.BeanDefinitionValueResolver.resolveValueIfNecessary(BeanDefinitionValueResolver.java:108)
	at org.springframework.beans.factory.support.ConstructorResolver.resolveConstructorArguments(ConstructorResolver.java:648)
	at org.springframework.beans.factory.support.ConstructorResolver.autowireConstructor(ConstructorResolver.java:140)
	at org.springframework.beans.factory.support.AbstractAutowireCapableBeanFactory.autowireConstructor(AbstractAutowireCapableBeanFactory.java:1143)
	at org.springframework.beans.factory.support.AbstractAutowireCapableBeanFactory.createBeanInstance(AbstractAutowireCapableBeanFactory.java:1046)
	at org.springframework.beans.factory.support.AbstractAutowireCapableBeanFactory.doCreateBean(AbstractAutowireCapableBeanFactory.java:510)
	at org.springframework.beans.factory.support.AbstractAutowireCapableBeanFactory.createBean(AbstractAutowireCapableBeanFactory.java:482)
	at org.springframework.beans.factory.support.AbstractBeanFactory.doGetBean(AbstractBeanFactory.java:325)
	at org.springframework.beans.factory.support.AbstractBeanFactory.getBean(AbstractBeanFactory.java:197)
	at org.springframework.beans.factory.support.BeanDefinitionValueResolver.resolveReference(BeanDefinitionValueResolver.java:351)
	at org.springframework.beans.factory.support.BeanDefinitionValueResolver.resolveValueIfNecessary(BeanDefinitionValueResolver.java:108)
	at org.springframework.beans.factory.support.ConstructorResolver.resolveConstructorArguments(ConstructorResolver.java:648)
	at org.springframework.beans.factory.support.ConstructorResolver.autowireConstructor(ConstructorResolver.java:140)
	at org.springframework.beans.factory.support.AbstractAutowireCapableBeanFactory.autowireConstructor(AbstractAutowireCapableBeanFactory.java:1143)
	at org.springframework.beans.factory.support.AbstractAutowireCapableBeanFactory.createBeanInstance(AbstractAutowireCapableBeanFactory.java:1046)
	at org.springframework.beans.factory.support.AbstractAutowireCapableBeanFactory.doCreateBean(AbstractAutowireCapableBeanFactory.java:510)
	at org.springframework.beans.factory.support.AbstractAutowireCapableBeanFactory.createBean(AbstractAutowireCapableBeanFactory.java:482)
	at org.springframework.beans.factory.support.AbstractBeanFactory.doGetBean(AbstractBeanFactory.java:325)
	at org.springframework.beans.factory.support.AbstractBeanFactory.getBean(AbstractBeanFactory.java:202)
	at org.springframework.context.support.AbstractApplicationContext.getBean(AbstractApplicationContext.java:1060)
	at com.raju.springdao.SpringMVCTest.main(SpringMVCTest.java:25)
DEBUG - Config available to MLog library: com.mchange.v2.cfg.BasicMultiPropertiesConfig@9a94b3 [ propertiesByResourcePaths -> {/={java.runtime.name=Java(TM) SE Runtime Environment, sun.boot.library.path=C:\Program Files\Java\jdk1.7.0_79\jre\bin, java.vm.version=24.79-b02, java.vm.vendor=Oracle Corporation, java.vendor.url=http://java.oracle.com/, path.separator=;, java.vm.name=Java HotSpot(TM) Client VM, file.encoding.pkg=sun.io, user.country=US, user.script=, sun.java.launcher=SUN_STANDARD, sun.os.patch.level=, java.vm.specification.name=Java Virtual Machine Specification, user.dir=D:\LoclalGitRepo\gitPath\springdao, java.runtime.version=1.7.0_79-b15, java.awt.graphicsenv=sun.awt.Win32GraphicsEnvironment, java.endorsed.dirs=C:\Program Files\Java\jdk1.7.0_79\jre\lib\endorsed, os.arch=x86, java.io.tmpdir=C:\Users\Kumar\AppData\Local\Temp\, line.separator=
, java.vm.specification.vendor=Oracle Corporation, user.variant=, os.name=Windows 7, sun.jnu.encoding=Cp1252, java.library.path=C:\Program Files\Java\jdk1.7.0_79\bin;C:\Windows\Sun\Java\bin;C:\Windows\system32;C:\Windows;C:/Program Files/Java/jre1.8.0_77/bin/client;C:/Program Files/Java/jre1.8.0_77/bin;C:/Program Files/Java/jre1.8.0_77/lib/i386;C:\ProgramData\Oracle\Java\javapath;C:\oraclexe\app\oracle\product\10.2.0\server\bin;C:\Program Files\Java\jdk1.7.0_79\bin;;C:\Windows\System32;D:\PROGRAMS\SPRING\apache-maven-3.3.9\bin;.;C:\Program Files\VisualSVN Server\bin;C:\Program Files\TortoiseSVN\bin;D:\eclipse;;., java.specification.name=Java Platform API Specification, java.class.version=51.0, sun.management.compiler=HotSpot Client Compiler, os.version=6.1, user.home=C:\Users\Kumar, user.timezone=Asia/Calcutta, java.awt.printerjob=sun.awt.windows.WPrinterJob, file.encoding=UTF-8, java.specification.version=1.7, java.class.path=D:\LoclalGitRepo\gitPath\springdao\target\classes;D:\PROGRAMS\SPRING\spring-framework-4.2.5.RELEASE\libs\spring-aop-4.2.5.RELEASE.jar;D:\PROGRAMS\SPRING\spring-framework-4.2.5.RELEASE\libs\spring-aop-4.2.5.RELEASE-javadoc.jar;D:\PROGRAMS\SPRING\spring-framework-4.2.5.RELEASE\libs\spring-aop-4.2.5.RELEASE-sources.jar;D:\PROGRAMS\SPRING\spring-framework-4.2.5.RELEASE\libs\spring-aspects-4.2.5.RELEASE.jar;D:\PROGRAMS\SPRING\spring-framework-4.2.5.RELEASE\libs\spring-aspects-4.2.5.RELEASE-javadoc.jar;D:\PROGRAMS\SPRING\spring-framework-4.2.5.RELEASE\libs\spring-aspects-4.2.5.RELEASE-sources.jar;D:\PROGRAMS\SPRING\spring-framework-4.2.5.RELEASE\libs\spring-beans-4.2.5.RELEASE.jar;D:\PROGRAMS\SPRING\spring-framework-4.2.5.RELEASE\libs\spring-beans-4.2.5.RELEASE-javadoc.jar;D:\PROGRAMS\SPRING\spring-framework-4.2.5.RELEASE\libs\spring-beans-4.2.5.RELEASE-sources.jar;D:\PROGRAMS\SPRING\spring-framework-4.2.5.RELEASE\libs\spring-context-4.2.5.RELEASE.jar;D:\PROGRAMS\SPRING\spring-framework-4.2.5.RELEASE\libs\spring-context-4.2.5.RELEASE-javadoc.jar;D:\PROGRAMS\SPRING\spring-framework-4.2.5.RELEASE\libs\spring-context-4.2.5.RELEASE-sources.jar;D:\PROGRAMS\SPRING\spring-framework-4.2.5.RELEASE\libs\spring-context-support-4.2.5.RELEASE.jar;D:\PROGRAMS\SPRING\spring-framework-4.2.5.RELEASE\libs\spring-context-support-4.2.5.RELEASE-javadoc.jar;D:\PROGRAMS\SPRING\spring-framework-4.2.5.RELEASE\libs\spring-context-support-4.2.5.RELEASE-sources.jar;D:\PROGRAMS\SPRING\spring-framework-4.2.5.RELEASE\libs\spring-core-4.2.5.RELEASE.jar;D:\PROGRAMS\SPRING\spring-framework-4.2.5.RELEASE\libs\spring-core-4.2.5.RELEASE-javadoc.jar;D:\PROGRAMS\SPRING\spring-framework-4.2.5.RELEASE\libs\spring-core-4.2.5.RELEASE-sources.jar;D:\PROGRAMS\SPRING\spring-framework-4.2.5.RELEASE\libs\spring-expression-4.2.5.RELEASE.jar;D:\PROGRAMS\SPRING\spring-framework-4.2.5.RELEASE\libs\spring-expression-4.2.5.RELEASE-javadoc.jar;D:\PROGRAMS\SPRING\spring-framework-4.2.5.RELEASE\libs\spring-expression-4.2.5.RELEASE-sources.jar;D:\PROGRAMS\SPRING\spring-framework-4.2.5.RELEASE\libs\spring-instrument-4.2.5.RELEASE.jar;D:\PROGRAMS\SPRING\spring-framework-4.2.5.RELEASE\libs\spring-instrument-4.2.5.RELEASE-javadoc.jar;D:\PROGRAMS\SPRING\spring-framework-4.2.5.RELEASE\libs\spring-instrument-4.2.5.RELEASE-sources.jar;D:\PROGRAMS\SPRING\spring-framework-4.2.5.RELEASE\libs\spring-instrument-tomcat-4.2.5.RELEASE.jar;D:\PROGRAMS\SPRING\spring-framework-4.2.5.RELEASE\libs\spring-instrument-tomcat-4.2.5.RELEASE-javadoc.jar;D:\PROGRAMS\SPRING\spring-framework-4.2.5.RELEASE\libs\spring-instrument-tomcat-4.2.5.RELEASE-sources.jar;D:\PROGRAMS\SPRING\spring-framework-4.2.5.RELEASE\libs\spring-jdbc-4.2.5.RELEASE.jar;D:\PROGRAMS\SPRING\spring-framework-4.2.5.RELEASE\libs\spring-jdbc-4.2.5.RELEASE-javadoc.jar;D:\PROGRAMS\SPRING\spring-framework-4.2.5.RELEASE\libs\spring-jdbc-4.2.5.RELEASE-sources.jar;D:\PROGRAMS\SPRING\spring-framework-4.2.5.RELEASE\libs\spring-jms-4.2.5.RELEASE.jar;D:\PROGRAMS\SPRING\spring-framework-4.2.5.RELEASE\libs\spring-jms-4.2.5.RELEASE-javadoc.jar;D:\PROGRAMS\SPRING\spring-framework-4.2.5.RELEASE\libs\spring-jms-4.2.5.RELEASE-sources.jar;D:\PROGRAMS\SPRING\spring-framework-4.2.5.RELEASE\libs\spring-messaging-4.2.5.RELEASE.jar;D:\PROGRAMS\SPRING\spring-framework-4.2.5.RELEASE\libs\spring-messaging-4.2.5.RELEASE-javadoc.jar;D:\PROGRAMS\SPRING\spring-framework-4.2.5.RELEASE\libs\spring-messaging-4.2.5.RELEASE-sources.jar;D:\PROGRAMS\SPRING\spring-framework-4.2.5.RELEASE\libs\spring-orm-4.2.5.RELEASE.jar;D:\PROGRAMS\SPRING\spring-framework-4.2.5.RELEASE\libs\spring-orm-4.2.5.RELEASE-javadoc.jar;D:\PROGRAMS\SPRING\spring-framework-4.2.5.RELEASE\libs\spring-orm-4.2.5.RELEASE-sources.jar;D:\PROGRAMS\SPRING\spring-framework-4.2.5.RELEASE\libs\spring-oxm-4.2.5.RELEASE.jar;D:\PROGRAMS\SPRING\spring-framework-4.2.5.RELEASE\libs\spring-oxm-4.2.5.RELEASE-javadoc.jar;D:\PROGRAMS\SPRING\spring-framework-4.2.5.RELEASE\libs\spring-oxm-4.2.5.RELEASE-sources.jar;D:\PROGRAMS\SPRING\spring-framework-4.2.5.RELEASE\libs\spring-test-4.2.5.RELEASE.jar;D:\PROGRAMS\SPRING\spring-framework-4.2.5.RELEASE\libs\spring-test-4.2.5.RELEASE-javadoc.jar;D:\PROGRAMS\SPRING\spring-framework-4.2.5.RELEASE\libs\spring-test-4.2.5.RELEASE-sources.jar;D:\PROGRAMS\SPRING\spring-framework-4.2.5.RELEASE\libs\spring-tx-4.2.5.RELEASE.jar;D:\PROGRAMS\SPRING\spring-framework-4.2.5.RELEASE\libs\spring-tx-4.2.5.RELEASE-javadoc.jar;D:\PROGRAMS\SPRING\spring-framework-4.2.5.RELEASE\libs\spring-tx-4.2.5.RELEASE-sources.jar;D:\PROGRAMS\SPRING\spring-framework-4.2.5.RELEASE\libs\spring-web-4.2.5.RELEASE.jar;D:\PROGRAMS\SPRING\spring-framework-4.2.5.RELEASE\libs\spring-web-4.2.5.RELEASE-javadoc.jar;D:\PROGRAMS\SPRING\spring-framework-4.2.5.RELEASE\libs\spring-web-4.2.5.RELEASE-sources.jar;D:\PROGRAMS\SPRING\spring-framework-4.2.5.RELEASE\libs\spring-webmvc-4.2.5.RELEASE.jar;D:\PROGRAMS\SPRING\spring-framework-4.2.5.RELEASE\libs\spring-webmvc-4.2.5.RELEASE-javadoc.jar;D:\PROGRAMS\SPRING\spring-framework-4.2.5.RELEASE\libs\spring-webmvc-4.2.5.RELEASE-sources.jar;D:\PROGRAMS\SPRING\spring-framework-4.2.5.RELEASE\libs\spring-webmvc-portlet-4.2.5.RELEASE.jar;D:\PROGRAMS\SPRING\spring-framework-4.2.5.RELEASE\libs\spring-webmvc-portlet-4.2.5.RELEASE-javadoc.jar;D:\PROGRAMS\SPRING\spring-framework-4.2.5.RELEASE\libs\spring-webmvc-portlet-4.2.5.RELEASE-sources.jar;D:\PROGRAMS\SPRING\spring-framework-4.2.5.RELEASE\libs\spring-websocket-4.2.5.RELEASE.jar;D:\PROGRAMS\SPRING\spring-framework-4.2.5.RELEASE\libs\spring-websocket-4.2.5.RELEASE-javadoc.jar;D:\PROGRAMS\SPRING\spring-framework-4.2.5.RELEASE\libs\spring-websocket-4.2.5.RELEASE-sources.jar;D:\PROGRAMS\SPRING\commons-logging-1.2\commons-logging-1.2.jar;D:\PROGRAMS\c3p0_jars\c3p0-0.9.2.1.jar;D:\PROGRAMS\c3p0_jars\mchange-commons-java-0.2.5.jar;C:\Users\Kumar\.m2\repository\log4j\log4j\1.2.17\log4j-1.2.17.jar;C:\oraclexe\app\oracle\product\10.2.0\server\jdbc\lib\ojdbc14.jar, user.name=Kumar, java.vm.specification.version=1.7, sun.java.command=com.raju.springdao.SpringMVCTest, java.home=C:\Program Files\Java\jdk1.7.0_79\jre, sun.arch.data.model=32, user.language=en, java.specification.vendor=Oracle Corporation, awt.toolkit=sun.awt.windows.WToolkit, java.vm.info=mixed mode, sharing, java.version=1.7.0_79, java.ext.dirs=C:\Program Files\Java\jdk1.7.0_79\jre\lib\ext;C:\Windows\Sun\Java\lib\ext, sun.boot.class.path=C:\Program Files\Java\jdk1.7.0_79\jre\lib\resources.jar;C:\Program Files\Java\jdk1.7.0_79\jre\lib\rt.jar;C:\Program Files\Java\jdk1.7.0_79\jre\lib\sunrsasign.jar;C:\Program Files\Java\jdk1.7.0_79\jre\lib\jsse.jar;C:\Program Files\Java\jdk1.7.0_79\jre\lib\jce.jar;C:\Program Files\Java\jdk1.7.0_79\jre\lib\charsets.jar;C:\Program Files\Java\jdk1.7.0_79\jre\lib\jfr.jar;C:\Program Files\Java\jdk1.7.0_79\jre\classes, java.vendor=Oracle Corporation, file.separator=\, java.vendor.url.bug=http://bugreport.sun.com/bugreport/, sun.io.unicode.encoding=UnicodeLittle, sun.cpu.endian=little, sun.desktop=windows, sun.cpu.isalist=pentium_pro+mmx pentium_pro pentium+mmx pentium i486 i386 i86}, /com/mchange/v2/log/default-mchange-log.properties={com.mchange.v2.log.MLog=com.mchange.v2.log.log4j.Log4jMLog,com.mchange.v2.log.jdk14logging.Jdk14MLog, com.mchange.v2.log.jdk14logging.suppressStackWalk=true}}, propertiesByPrefixes -> {sun.management={sun.management.compiler=HotSpot Client Compiler}, sun.os.patch={sun.os.patch.level=}, java.endorsed={java.endorsed.dirs=C:\Program Files\Java\jdk1.7.0_79\jre\lib\endorsed}, com={com.mchange.v2.log.MLog=com.mchange.v2.log.log4j.Log4jMLog,com.mchange.v2.log.jdk14logging.Jdk14MLog, com.mchange.v2.log.jdk14logging.suppressStackWalk=true}, java.vendor.url={java.vendor.url.bug=http://bugreport.sun.com/bugreport/}, java.vm={java.vm.version=24.79-b02, java.vm.specification.vendor=Oracle Corporation, java.vm.specification.name=Java Virtual Machine Specification, java.vm.name=Java HotSpot(TM) Client VM, java.vm.specification.version=1.7, java.vm.vendor=Oracle Corporation, java.vm.info=mixed mode, sharing}, line={line.separator=
}, sun.io.unicode={sun.io.unicode.encoding=UnicodeLittle}, com.mchange={com.mchange.v2.log.MLog=com.mchange.v2.log.log4j.Log4jMLog,com.mchange.v2.log.jdk14logging.Jdk14MLog, com.mchange.v2.log.jdk14logging.suppressStackWalk=true}, sun.boot.library={sun.boot.library.path=C:\Program Files\Java\jdk1.7.0_79\jre\bin}, sun={sun.arch.data.model=32, sun.java.launcher=SUN_STANDARD, sun.desktop=windows, sun.java.command=com.raju.springdao.SpringMVCTest, sun.os.patch.level=, sun.management.compiler=HotSpot Client Compiler, sun.boot.class.path=C:\Program Files\Java\jdk1.7.0_79\jre\lib\resources.jar;C:\Program Files\Java\jdk1.7.0_79\jre\lib\rt.jar;C:\Program Files\Java\jdk1.7.0_79\jre\lib\sunrsasign.jar;C:\Program Files\Java\jdk1.7.0_79\jre\lib\jsse.jar;C:\Program Files\Java\jdk1.7.0_79\jre\lib\jce.jar;C:\Program Files\Java\jdk1.7.0_79\jre\lib\charsets.jar;C:\Program Files\Java\jdk1.7.0_79\jre\lib\jfr.jar;C:\Program Files\Java\jdk1.7.0_79\jre\classes, sun.jnu.encoding=Cp1252, sun.cpu.isalist=pentium_pro+mmx pentium_pro pentium+mmx pentium i486 i386 i86, sun.boot.library.path=C:\Program Files\Java\jdk1.7.0_79\jre\bin, sun.cpu.endian=little, sun.io.unicode.encoding=UnicodeLittle}, java.specification={java.specification.version=1.7, java.specification.vendor=Oracle Corporation, java.specification.name=Java Platform API Specification}, sun.io={sun.io.unicode.encoding=UnicodeLittle}, file={file.separator=\, file.encoding.pkg=sun.io, file.encoding=UTF-8}, sun.os={sun.os.patch.level=}, java.io={java.io.tmpdir=C:\Users\Kumar\AppData\Local\Temp\}, path={path.separator=;}, java.vm.specification={java.vm.specification.vendor=Oracle Corporation, java.vm.specification.name=Java Virtual Machine Specification, java.vm.specification.version=1.7}, com.mchange.v2.log={com.mchange.v2.log.MLog=com.mchange.v2.log.log4j.Log4jMLog,com.mchange.v2.log.jdk14logging.Jdk14MLog, com.mchange.v2.log.jdk14logging.suppressStackWalk=true}, sun.boot={sun.boot.library.path=C:\Program Files\Java\jdk1.7.0_79\jre\bin, sun.boot.class.path=C:\Program Files\Java\jdk1.7.0_79\jre\lib\resources.jar;C:\Program Files\Java\jdk1.7.0_79\jre\lib\rt.jar;C:\Program Files\Java\jdk1.7.0_79\jre\lib\sunrsasign.jar;C:\Program Files\Java\jdk1.7.0_79\jre\lib\jsse.jar;C:\Program Files\Java\jdk1.7.0_79\jre\lib\jce.jar;C:\Program Files\Java\jdk1.7.0_79\jre\lib\charsets.jar;C:\Program Files\Java\jdk1.7.0_79\jre\lib\jfr.jar;C:\Program Files\Java\jdk1.7.0_79\jre\classes}, file.encoding={file.encoding.pkg=sun.io}, java.awt={java.awt.printerjob=sun.awt.windows.WPrinterJob, java.awt.graphicsenv=sun.awt.Win32GraphicsEnvironment}, os={os.version=6.1, os.name=Windows 7, os.arch=x86}, com.mchange.v2.log.jdk14logging={com.mchange.v2.log.jdk14logging.suppressStackWalk=true}, sun.arch.data={sun.arch.data.model=32}, sun.jnu={sun.jnu.encoding=Cp1252}, java.runtime={java.runtime.version=1.7.0_79-b15, java.runtime.name=Java(TM) SE Runtime Environment}, awt={awt.toolkit=sun.awt.windows.WToolkit}, java.ext={java.ext.dirs=C:\Program Files\Java\jdk1.7.0_79\jre\lib\ext;C:\Windows\Sun\Java\lib\ext}, java.library={java.library.path=C:\Program Files\Java\jdk1.7.0_79\bin;C:\Windows\Sun\Java\bin;C:\Windows\system32;C:\Windows;C:/Program Files/Java/jre1.8.0_77/bin/client;C:/Program Files/Java/jre1.8.0_77/bin;C:/Program Files/Java/jre1.8.0_77/lib/i386;C:\ProgramData\Oracle\Java\javapath;C:\oraclexe\app\oracle\product\10.2.0\server\bin;C:\Program Files\Java\jdk1.7.0_79\bin;;C:\Windows\System32;D:\PROGRAMS\SPRING\apache-maven-3.3.9\bin;.;C:\Program Files\VisualSVN Server\bin;C:\Program Files\TortoiseSVN\bin;D:\eclipse;;.}, sun.boot.class={sun.boot.class.path=C:\Program Files\Java\jdk1.7.0_79\jre\lib\resources.jar;C:\Program Files\Java\jdk1.7.0_79\jre\lib\rt.jar;C:\Program Files\Java\jdk1.7.0_79\jre\lib\sunrsasign.jar;C:\Program Files\Java\jdk1.7.0_79\jre\lib\jsse.jar;C:\Program Files\Java\jdk1.7.0_79\jre\lib\jce.jar;C:\Program Files\Java\jdk1.7.0_79\jre\lib\charsets.jar;C:\Program Files\Java\jdk1.7.0_79\jre\lib\jfr.jar;C:\Program Files\Java\jdk1.7.0_79\jre\classes}, sun.arch={sun.arch.data.model=32}, java.vendor={java.vendor.url.bug=http://bugreport.sun.com/bugreport/, java.vendor.url=http://java.oracle.com/}, java={java.class.path=D:\LoclalGitRepo\gitPath\springdao\target\classes;D:\PROGRAMS\SPRING\spring-framework-4.2.5.RELEASE\libs\spring-aop-4.2.5.RELEASE.jar;D:\PROGRAMS\SPRING\spring-framework-4.2.5.RELEASE\libs\spring-aop-4.2.5.RELEASE-javadoc.jar;D:\PROGRAMS\SPRING\spring-framework-4.2.5.RELEASE\libs\spring-aop-4.2.5.RELEASE-sources.jar;D:\PROGRAMS\SPRING\spring-framework-4.2.5.RELEASE\libs\spring-aspects-4.2.5.RELEASE.jar;D:\PROGRAMS\SPRING\spring-framework-4.2.5.RELEASE\libs\spring-aspects-4.2.5.RELEASE-javadoc.jar;D:\PROGRAMS\SPRING\spring-framework-4.2.5.RELEASE\libs\spring-aspects-4.2.5.RELEASE-sources.jar;D:\PROGRAMS\SPRING\spring-framework-4.2.5.RELEASE\libs\spring-beans-4.2.5.RELEASE.jar;D:\PROGRAMS\SPRING\spring-framework-4.2.5.RELEASE\libs\spring-beans-4.2.5.RELEASE-javadoc.jar;D:\PROGRAMS\SPRING\spring-framework-4.2.5.RELEASE\libs\spring-beans-4.2.5.RELEASE-sources.jar;D:\PROGRAMS\SPRING\spring-framework-4.2.5.RELEASE\libs\spring-context-4.2.5.RELEASE.jar;D:\PROGRAMS\SPRING\spring-framework-4.2.5.RELEASE\libs\spring-context-4.2.5.RELEASE-javadoc.jar;D:\PROGRAMS\SPRING\spring-framework-4.2.5.RELEASE\libs\spring-context-4.2.5.RELEASE-sources.jar;D:\PROGRAMS\SPRING\spring-framework-4.2.5.RELEASE\libs\spring-context-support-4.2.5.RELEASE.jar;D:\PROGRAMS\SPRING\spring-framework-4.2.5.RELEASE\libs\spring-context-support-4.2.5.RELEASE-javadoc.jar;D:\PROGRAMS\SPRING\spring-framework-4.2.5.RELEASE\libs\spring-context-support-4.2.5.RELEASE-sources.jar;D:\PROGRAMS\SPRING\spring-framework-4.2.5.RELEASE\libs\spring-core-4.2.5.RELEASE.jar;D:\PROGRAMS\SPRING\spring-framework-4.2.5.RELEASE\libs\spring-core-4.2.5.RELEASE-javadoc.jar;D:\PROGRAMS\SPRING\spring-framework-4.2.5.RELEASE\libs\spring-core-4.2.5.RELEASE-sources.jar;D:\PROGRAMS\SPRING\spring-framework-4.2.5.RELEASE\libs\spring-expression-4.2.5.RELEASE.jar;D:\PROGRAMS\SPRING\spring-framework-4.2.5.RELEASE\libs\spring-expression-4.2.5.RELEASE-javadoc.jar;D:\PROGRAMS\SPRING\spring-framework-4.2.5.RELEASE\libs\spring-expression-4.2.5.RELEASE-sources.jar;D:\PROGRAMS\SPRING\spring-framework-4.2.5.RELEASE\libs\spring-instrument-4.2.5.RELEASE.jar;D:\PROGRAMS\SPRING\spring-framework-4.2.5.RELEASE\libs\spring-instrument-4.2.5.RELEASE-javadoc.jar;D:\PROGRAMS\SPRING\spring-framework-4.2.5.RELEASE\libs\spring-instrument-4.2.5.RELEASE-sources.jar;D:\PROGRAMS\SPRING\spring-framework-4.2.5.RELEASE\libs\spring-instrument-tomcat-4.2.5.RELEASE.jar;D:\PROGRAMS\SPRING\spring-framework-4.2.5.RELEASE\libs\spring-instrument-tomcat-4.2.5.RELEASE-javadoc.jar;D:\PROGRAMS\SPRING\spring-framework-4.2.5.RELEASE\libs\spring-instrument-tomcat-4.2.5.RELEASE-sources.jar;D:\PROGRAMS\SPRING\spring-framework-4.2.5.RELEASE\libs\spring-jdbc-4.2.5.RELEASE.jar;D:\PROGRAMS\SPRING\spring-framework-4.2.5.RELEASE\libs\spring-jdbc-4.2.5.RELEASE-javadoc.jar;D:\PROGRAMS\SPRING\spring-framework-4.2.5.RELEASE\libs\spring-jdbc-4.2.5.RELEASE-sources.jar;D:\PROGRAMS\SPRING\spring-framework-4.2.5.RELEASE\libs\spring-jms-4.2.5.RELEASE.jar;D:\PROGRAMS\SPRING\spring-framework-4.2.5.RELEASE\libs\spring-jms-4.2.5.RELEASE-javadoc.jar;D:\PROGRAMS\SPRING\spring-framework-4.2.5.RELEASE\libs\spring-jms-4.2.5.RELEASE-sources.jar;D:\PROGRAMS\SPRING\spring-framework-4.2.5.RELEASE\libs\spring-messaging-4.2.5.RELEASE.jar;D:\PROGRAMS\SPRING\spring-framework-4.2.5.RELEASE\libs\spring-messaging-4.2.5.RELEASE-javadoc.jar;D:\PROGRAMS\SPRING\spring-framework-4.2.5.RELEASE\libs\spring-messaging-4.2.5.RELEASE-sources.jar;D:\PROGRAMS\SPRING\spring-framework-4.2.5.RELEASE\libs\spring-orm-4.2.5.RELEASE.jar;D:\PROGRAMS\SPRING\spring-framework-4.2.5.RELEASE\libs\spring-orm-4.2.5.RELEASE-javadoc.jar;D:\PROGRAMS\SPRING\spring-framework-4.2.5.RELEASE\libs\spring-orm-4.2.5.RELEASE-sources.jar;D:\PROGRAMS\SPRING\spring-framework-4.2.5.RELEASE\libs\spring-oxm-4.2.5.RELEASE.jar;D:\PROGRAMS\SPRING\spring-framework-4.2.5.RELEASE\libs\spring-oxm-4.2.5.RELEASE-javadoc.jar;D:\PROGRAMS\SPRING\spring-framework-4.2.5.RELEASE\libs\spring-oxm-4.2.5.RELEASE-sources.jar;D:\PROGRAMS\SPRING\spring-framework-4.2.5.RELEASE\libs\spring-test-4.2.5.RELEASE.jar;D:\PROGRAMS\SPRING\spring-framework-4.2.5.RELEASE\libs\spring-test-4.2.5.RELEASE-javadoc.jar;D:\PROGRAMS\SPRING\spring-framework-4.2.5.RELEASE\libs\spring-test-4.2.5.RELEASE-sources.jar;D:\PROGRAMS\SPRING\spring-framework-4.2.5.RELEASE\libs\spring-tx-4.2.5.RELEASE.jar;D:\PROGRAMS\SPRING\spring-framework-4.2.5.RELEASE\libs\spring-tx-4.2.5.RELEASE-javadoc.jar;D:\PROGRAMS\SPRING\spring-framework-4.2.5.RELEASE\libs\spring-tx-4.2.5.RELEASE-sources.jar;D:\PROGRAMS\SPRING\spring-framework-4.2.5.RELEASE\libs\spring-web-4.2.5.RELEASE.jar;D:\PROGRAMS\SPRING\spring-framework-4.2.5.RELEASE\libs\spring-web-4.2.5.RELEASE-javadoc.jar;D:\PROGRAMS\SPRING\spring-framework-4.2.5.RELEASE\libs\spring-web-4.2.5.RELEASE-sources.jar;D:\PROGRAMS\SPRING\spring-framework-4.2.5.RELEASE\libs\spring-webmvc-4.2.5.RELEASE.jar;D:\PROGRAMS\SPRING\spring-framework-4.2.5.RELEASE\libs\spring-webmvc-4.2.5.RELEASE-javadoc.jar;D:\PROGRAMS\SPRING\spring-framework-4.2.5.RELEASE\libs\spring-webmvc-4.2.5.RELEASE-sources.jar;D:\PROGRAMS\SPRING\spring-framework-4.2.5.RELEASE\libs\spring-webmvc-portlet-4.2.5.RELEASE.jar;D:\PROGRAMS\SPRING\spring-framework-4.2.5.RELEASE\libs\spring-webmvc-portlet-4.2.5.RELEASE-javadoc.jar;D:\PROGRAMS\SPRING\spring-framework-4.2.5.RELEASE\libs\spring-webmvc-portlet-4.2.5.RELEASE-sources.jar;D:\PROGRAMS\SPRING\spring-framework-4.2.5.RELEASE\libs\spring-websocket-4.2.5.RELEASE.jar;D:\PROGRAMS\SPRING\spring-framework-4.2.5.RELEASE\libs\spring-websocket-4.2.5.RELEASE-javadoc.jar;D:\PROGRAMS\SPRING\spring-framework-4.2.5.RELEASE\libs\spring-websocket-4.2.5.RELEASE-sources.jar;D:\PROGRAMS\SPRING\commons-logging-1.2\commons-logging-1.2.jar;D:\PROGRAMS\c3p0_jars\c3p0-0.9.2.1.jar;D:\PROGRAMS\c3p0_jars\mchange-commons-java-0.2.5.jar;C:\Users\Kumar\.m2\repository\log4j\log4j\1.2.17\log4j-1.2.17.jar;C:\oraclexe\app\oracle\product\10.2.0\server\jdbc\lib\ojdbc14.jar, java.ext.dirs=C:\Program Files\Java\jdk1.7.0_79\jre\lib\ext;C:\Windows\Sun\Java\lib\ext, java.runtime.name=Java(TM) SE Runtime Environment, java.runtime.version=1.7.0_79-b15, java.vendor=Oracle Corporation, java.specification.version=1.7, java.class.version=51.0, java.specification.name=Java Platform API Specification, java.vendor.url=http://java.oracle.com/, java.awt.printerjob=sun.awt.windows.WPrinterJob, java.vm.version=24.79-b02, java.home=C:\Program Files\Java\jdk1.7.0_79\jre, java.endorsed.dirs=C:\Program Files\Java\jdk1.7.0_79\jre\lib\endorsed, java.version=1.7.0_79, java.vm.specification.version=1.7, java.awt.graphicsenv=sun.awt.Win32GraphicsEnvironment, java.vendor.url.bug=http://bugreport.sun.com/bugreport/, java.specification.vendor=Oracle Corporation, java.vm.specification.name=Java Virtual Machine Specification, java.vm.vendor=Oracle Corporation, java.vm.info=mixed mode, sharing, java.library.path=C:\Program Files\Java\jdk1.7.0_79\bin;C:\Windows\Sun\Java\bin;C:\Windows\system32;C:\Windows;C:/Program Files/Java/jre1.8.0_77/bin/client;C:/Program Files/Java/jre1.8.0_77/bin;C:/Program Files/Java/jre1.8.0_77/lib/i386;C:\ProgramData\Oracle\Java\javapath;C:\oraclexe\app\oracle\product\10.2.0\server\bin;C:\Program Files\Java\jdk1.7.0_79\bin;;C:\Windows\System32;D:\PROGRAMS\SPRING\apache-maven-3.3.9\bin;.;C:\Program Files\VisualSVN Server\bin;C:\Program Files\TortoiseSVN\bin;D:\eclipse;;., java.vm.specification.vendor=Oracle Corporation, java.vm.name=Java HotSpot(TM) Client VM, java.io.tmpdir=C:\Users\Kumar\AppData\Local\Temp\}, sun.java={sun.java.launcher=SUN_STANDARD, sun.java.command=com.raju.springdao.SpringMVCTest}, sun.cpu={sun.cpu.endian=little, sun.cpu.isalist=pentium_pro+mmx pentium_pro pentium+mmx pentium i486 i386 i86}, com.mchange.v2={com.mchange.v2.log.MLog=com.mchange.v2.log.log4j.Log4jMLog,com.mchange.v2.log.jdk14logging.Jdk14MLog, com.mchange.v2.log.jdk14logging.suppressStackWalk=true}, user={user.name=Kumar, user.timezone=Asia/Calcutta, user.country=US, user.dir=D:\LoclalGitRepo\gitPath\springdao, user.home=C:\Users\Kumar, user.language=en, user.script=, user.variant=}, java.class={java.class.path=D:\LoclalGitRepo\gitPath\springdao\target\classes;D:\PROGRAMS\SPRING\spring-framework-4.2.5.RELEASE\libs\spring-aop-4.2.5.RELEASE.jar;D:\PROGRAMS\SPRING\spring-framework-4.2.5.RELEASE\libs\spring-aop-4.2.5.RELEASE-javadoc.jar;D:\PROGRAMS\SPRING\spring-framework-4.2.5.RELEASE\libs\spring-aop-4.2.5.RELEASE-sources.jar;D:\PROGRAMS\SPRING\spring-framework-4.2.5.RELEASE\libs\spring-aspects-4.2.5.RELEASE.jar;D:\PROGRAMS\SPRING\spring-framework-4.2.5.RELEASE\libs\spring-aspects-4.2.5.RELEASE-javadoc.jar;D:\PROGRAMS\SPRING\spring-framework-4.2.5.RELEASE\libs\spring-aspects-4.2.5.RELEASE-sources.jar;D:\PROGRAMS\SPRING\spring-framework-4.2.5.RELEASE\libs\spring-beans-4.2.5.RELEASE.jar;D:\PROGRAMS\SPRING\spring-framework-4.2.5.RELEASE\libs\spring-beans-4.2.5.RELEASE-javadoc.jar;D:\PROGRAMS\SPRING\spring-framework-4.2.5.RELEASE\libs\spring-beans-4.2.5.RELEASE-sources.jar;D:\PROGRAMS\SPRING\spring-framework-4.2.5.RELEASE\libs\spring-context-4.2.5.RELEASE.jar;D:\PROGRAMS\SPRING\spring-framework-4.2.5.RELEASE\libs\spring-context-4.2.5.RELEASE-javadoc.jar;D:\PROGRAMS\SPRING\spring-framework-4.2.5.RELEASE\libs\spring-context-4.2.5.RELEASE-sources.jar;D:\PROGRAMS\SPRING\spring-framework-4.2.5.RELEASE\libs\spring-context-support-4.2.5.RELEASE.jar;D:\PROGRAMS\SPRING\spring-framework-4.2.5.RELEASE\libs\spring-context-support-4.2.5.RELEASE-javadoc.jar;D:\PROGRAMS\SPRING\spring-framework-4.2.5.RELEASE\libs\spring-context-support-4.2.5.RELEASE-sources.jar;D:\PROGRAMS\SPRING\spring-framework-4.2.5.RELEASE\libs\spring-core-4.2.5.RELEASE.jar;D:\PROGRAMS\SPRING\spring-framework-4.2.5.RELEASE\libs\spring-core-4.2.5.RELEASE-javadoc.jar;D:\PROGRAMS\SPRING\spring-framework-4.2.5.RELEASE\libs\spring-core-4.2.5.RELEASE-sources.jar;D:\PROGRAMS\SPRING\spring-framework-4.2.5.RELEASE\libs\spring-expression-4.2.5.RELEASE.jar;D:\PROGRAMS\SPRING\spring-framework-4.2.5.RELEASE\libs\spring-expression-4.2.5.RELEASE-javadoc.jar;D:\PROGRAMS\SPRING\spring-framework-4.2.5.RELEASE\libs\spring-expression-4.2.5.RELEASE-sources.jar;D:\PROGRAMS\SPRING\spring-framework-4.2.5.RELEASE\libs\spring-instrument-4.2.5.RELEASE.jar;D:\PROGRAMS\SPRING\spring-framework-4.2.5.RELEASE\libs\spring-instrument-4.2.5.RELEASE-javadoc.jar;D:\PROGRAMS\SPRING\spring-framework-4.2.5.RELEASE\libs\spring-instrument-4.2.5.RELEASE-sources.jar;D:\PROGRAMS\SPRING\spring-framework-4.2.5.RELEASE\libs\spring-instrument-tomcat-4.2.5.RELEASE.jar;D:\PROGRAMS\SPRING\spring-framework-4.2.5.RELEASE\libs\spring-instrument-tomcat-4.2.5.RELEASE-javadoc.jar;D:\PROGRAMS\SPRING\spring-framework-4.2.5.RELEASE\libs\spring-instrument-tomcat-4.2.5.RELEASE-sources.jar;D:\PROGRAMS\SPRING\spring-framework-4.2.5.RELEASE\libs\spring-jdbc-4.2.5.RELEASE.jar;D:\PROGRAMS\SPRING\spring-framework-4.2.5.RELEASE\libs\spring-jdbc-4.2.5.RELEASE-javadoc.jar;D:\PROGRAMS\SPRING\spring-framework-4.2.5.RELEASE\libs\spring-jdbc-4.2.5.RELEASE-sources.jar;D:\PROGRAMS\SPRING\spring-framework-4.2.5.RELEASE\libs\spring-jms-4.2.5.RELEASE.jar;D:\PROGRAMS\SPRING\spring-framework-4.2.5.RELEASE\libs\spring-jms-4.2.5.RELEASE-javadoc.jar;D:\PROGRAMS\SPRING\spring-framework-4.2.5.RELEASE\libs\spring-jms-4.2.5.RELEASE-sources.jar;D:\PROGRAMS\SPRING\spring-framework-4.2.5.RELEASE\libs\spring-messaging-4.2.5.RELEASE.jar;D:\PROGRAMS\SPRING\spring-framework-4.2.5.RELEASE\libs\spring-messaging-4.2.5.RELEASE-javadoc.jar;D:\PROGRAMS\SPRING\spring-framework-4.2.5.RELEASE\libs\spring-messaging-4.2.5.RELEASE-sources.jar;D:\PROGRAMS\SPRING\spring-framework-4.2.5.RELEASE\libs\spring-orm-4.2.5.RELEASE.jar;D:\PROGRAMS\SPRING\spring-framework-4.2.5.RELEASE\libs\spring-orm-4.2.5.RELEASE-javadoc.jar;D:\PROGRAMS\SPRING\spring-framework-4.2.5.RELEASE\libs\spring-orm-4.2.5.RELEASE-sources.jar;D:\PROGRAMS\SPRING\spring-framework-4.2.5.RELEASE\libs\spring-oxm-4.2.5.RELEASE.jar;D:\PROGRAMS\SPRING\spring-framework-4.2.5.RELEASE\libs\spring-oxm-4.2.5.RELEASE-javadoc.jar;D:\PROGRAMS\SPRING\spring-framework-4.2.5.RELEASE\libs\spring-oxm-4.2.5.RELEASE-sources.jar;D:\PROGRAMS\SPRING\spring-framework-4.2.5.RELEASE\libs\spring-test-4.2.5.RELEASE.jar;D:\PROGRAMS\SPRING\spring-framework-4.2.5.RELEASE\libs\spring-test-4.2.5.RELEASE-javadoc.jar;D:\PROGRAMS\SPRING\spring-framework-4.2.5.RELEASE\libs\spring-test-4.2.5.RELEASE-sources.jar;D:\PROGRAMS\SPRING\spring-framework-4.2.5.RELEASE\libs\spring-tx-4.2.5.RELEASE.jar;D:\PROGRAMS\SPRING\spring-framework-4.2.5.RELEASE\libs\spring-tx-4.2.5.RELEASE-javadoc.jar;D:\PROGRAMS\SPRING\spring-framework-4.2.5.RELEASE\libs\spring-tx-4.2.5.RELEASE-sources.jar;D:\PROGRAMS\SPRING\spring-framework-4.2.5.RELEASE\libs\spring-web-4.2.5.RELEASE.jar;D:\PROGRAMS\SPRING\spring-framework-4.2.5.RELEASE\libs\spring-web-4.2.5.RELEASE-javadoc.jar;D:\PROGRAMS\SPRING\spring-framework-4.2.5.RELEASE\libs\spring-web-4.2.5.RELEASE-sources.jar;D:\PROGRAMS\SPRING\spring-framework-4.2.5.RELEASE\libs\spring-webmvc-4.2.5.RELEASE.jar;D:\PROGRAMS\SPRING\spring-framework-4.2.5.RELEASE\libs\spring-webmvc-4.2.5.RELEASE-javadoc.jar;D:\PROGRAMS\SPRING\spring-framework-4.2.5.RELEASE\libs\spring-webmvc-4.2.5.RELEASE-sources.jar;D:\PROGRAMS\SPRING\spring-framework-4.2.5.RELEASE\libs\spring-webmvc-portlet-4.2.5.RELEASE.jar;D:\PROGRAMS\SPRING\spring-framework-4.2.5.RELEASE\libs\spring-webmvc-portlet-4.2.5.RELEASE-javadoc.jar;D:\PROGRAMS\SPRING\spring-framework-4.2.5.RELEASE\libs\spring-webmvc-portlet-4.2.5.RELEASE-sources.jar;D:\PROGRAMS\SPRING\spring-framework-4.2.5.RELEASE\libs\spring-websocket-4.2.5.RELEASE.jar;D:\PROGRAMS\SPRING\spring-framework-4.2.5.RELEASE\libs\spring-websocket-4.2.5.RELEASE-javadoc.jar;D:\PROGRAMS\SPRING\spring-framework-4.2.5.RELEASE\libs\spring-websocket-4.2.5.RELEASE-sources.jar;D:\PROGRAMS\SPRING\commons-logging-1.2\commons-logging-1.2.jar;D:\PROGRAMS\c3p0_jars\c3p0-0.9.2.1.jar;D:\PROGRAMS\c3p0_jars\mchange-commons-java-0.2.5.jar;C:\Users\Kumar\.m2\repository\log4j\log4j\1.2.17\log4j-1.2.17.jar;C:\oraclexe\app\oracle\product\10.2.0\server\jdbc\lib\ojdbc14.jar, java.class.version=51.0}} ]
INFO - Initializing c3p0-0.9.2.1 [built 20-March-2013 10:47:27 +0000; debug? true; trace: 10]
DEBUG - MBean: com.mchange.v2.c3p0:type=PooledDataSource,identityToken=1hge16e9i1qq05ly1rglxj|1737be7,name=1hge16e9i1qq05ly1rglxj|1737be7 registered.
DEBUG - MBean: com.mchange.v2.c3p0:type=PooledDataSource,identityToken=1hge16e9i1qq05ly1rglxj|1737be7,name=1hge16e9i1qq05ly1rglxj|1737be7 unregistered, in order to be reregistered after update.
DEBUG - MBean: com.mchange.v2.c3p0:type=PooledDataSource,identityToken=1hge16e9i1qq05ly1rglxj|1737be7,name=1hge16e9i1qq05ly1rglxj|1737be7 registered.
DEBUG - Finished creating instance of bean 'ds'
DEBUG - Invoking afterPropertiesSet() on bean with name 'jt'
DEBUG - Finished creating instance of bean 'jt'
INFO - ------EmployeeDAO obj is created------
DEBUG - Finished creating instance of bean 'empdao'
INFO - ------EmployeeModel obj is created------
DEBUG - Finished creating instance of bean 'empmodel'
INFO - ------EmployeeController obj is created------
DEBUG - Finished creating instance of bean 'empcontroller'
INFO - ------creating the obj of EmployeeDAO by calling getBean()------
DEBUG - Creating instance of bean 'empdto'
DEBUG - Finished creating instance of bean 'empdto'
INFO - ------calling the insertRecords() by passing empdto------
INFO - ------insertRecords(edto) called  in EmployeeController------
INFO - ------insertRecords(edto) called  in EmployeeModel------
INFO - ------insertRecords(edto) called EmployeeDAO------
DEBUG - Executing prepared SQL update
DEBUG - Executing prepared SQL statement [insert into employee values(?,?,?)]
DEBUG - Fetching JDBC Connection from DataSource
INFO - Initializing c3p0 pool... com.mchange.v2.c3p0.ComboPooledDataSource [ acquireIncrement -> 3, acquireRetryAttempts -> 30, acquireRetryDelay -> 1000, autoCommitOnClose -> false, automaticTestTable -> null, breakAfterAcquireFailure -> false, checkoutTimeout -> 0, connectionCustomizerClassName -> null, connectionTesterClassName -> com.mchange.v2.c3p0.impl.DefaultConnectionTester, dataSourceName -> 1hge16e9i1qq05ly1rglxj|1737be7, debugUnreturnedConnectionStackTraces -> false, description -> null, driverClass -> oracle.jdbc.driver.OracleDriver, factoryClassLocation -> null, forceIgnoreUnresolvedTransactions -> false, identityToken -> 1hge16e9i1qq05ly1rglxj|1737be7, idleConnectionTestPeriod -> 0, initialPoolSize -> 3, jdbcUrl -> jdbc:oracle:thin:@localhost:1521:xe, maxAdministrativeTaskTime -> 0, maxConnectionAge -> 0, maxIdleTime -> 0, maxIdleTimeExcessConnections -> 0, maxPoolSize -> 15, maxStatements -> 0, maxStatementsPerConnection -> 0, minPoolSize -> 3, numHelperThreads -> 3, preferredTestQuery -> null, properties -> {user=******, password=******}, propertyCycle -> 0, statementCacheNumDeferredCloseThreads -> 0, testConnectionOnCheckin -> false, testConnectionOnCheckout -> false, unreturnedConnectionTimeout -> 0, userOverrides -> {}, usesTraditionalReflectiveProxies -> false ]
DEBUG - incremented pending_acquires: 1
DEBUG - Starting acquisition series. Incremented pending_acquires [1],  attempts_remaining: 30
DEBUG - com.mchange.v2.async.ThreadPoolAsynchronousRunner@1a1b175: Adding task to queue -- com.mchange.v2.resourcepool.BasicResourcePool$ScatteredAcquireTask@8996e8
DEBUG - incremented pending_acquires: 2
DEBUG - Starting acquisition series. Incremented pending_acquires [2],  attempts_remaining: 30
DEBUG - com.mchange.v2.async.ThreadPoolAsynchronousRunner@1a1b175: Adding task to queue -- com.mchange.v2.resourcepool.BasicResourcePool$ScatteredAcquireTask@112951d
DEBUG - incremented pending_acquires: 3
DEBUG - Starting acquisition series. Incremented pending_acquires [3],  attempts_remaining: 30
DEBUG - com.mchange.v2.async.ThreadPoolAsynchronousRunner@1a1b175: Adding task to queue -- com.mchange.v2.resourcepool.BasicResourcePool$ScatteredAcquireTask@fbdef7
DEBUG - com.mchange.v2.resourcepool.BasicResourcePool@1eb35ea config: [start -> 3; min -> 3; max -> 15; inc -> 3; num_acq_attempts -> 30; acq_attempt_delay -> 1000; check_idle_resources_delay -> 0; mox_resource_age -> 0; max_idle_time -> 0; excess_max_idle_time -> 0; destroy_unreturned_resc_time -> 0; expiration_enforcement_delay -> 0; break_on_acquisition_failure -> false; debug_store_checkout_exceptions -> false]
DEBUG - Created new pool for auth, username (masked): 'or******'.
DEBUG - acquire test -- pool size: 0; target_pool_size: 3; desired target? 1
DEBUG - awaitAvailable(): [unknown]
DEBUG - trace com.mchange.v2.resourcepool.BasicResourcePool@1eb35ea [managed: 0, unused: 0, excluded: 0]
DEBUG - com.mchange.v2.c3p0.impl.C3P0PooledConnectionPool$1PooledConnectionResourcePoolManager@f2ad66.acquireResource() returning. 
DEBUG - com.mchange.v2.c3p0.impl.C3P0PooledConnectionPool$1PooledConnectionResourcePoolManager@f2ad66.acquireResource() returning. 
DEBUG - trace com.mchange.v2.resourcepool.BasicResourcePool@1eb35ea [managed: 1, unused: 1, excluded: 0]
DEBUG - decremented pending_acquires: 2
DEBUG - Acquisition series terminated successfully. Decremented pending_acquires [2],  attempts_remaining: 30
DEBUG - trace com.mchange.v2.resourcepool.BasicResourcePool@1eb35ea [managed: 2, unused: 1, excluded: 0] (e.g. com.mchange.v2.c3p0.impl.NewPooledConnection@1f942b5)
DEBUG - decremented pending_acquires: 1
DEBUG - Acquisition series terminated successfully. Decremented pending_acquires [1],  attempts_remaining: 30
DEBUG - trace com.mchange.v2.resourcepool.BasicResourcePool@1eb35ea [managed: 2, unused: 1, excluded: 0] (e.g. com.mchange.v2.c3p0.impl.NewPooledConnection@1f942b5)
DEBUG - com.mchange.v2.c3p0.impl.C3P0PooledConnectionPool$1PooledConnectionResourcePoolManager@f2ad66.acquireResource() returning. 
DEBUG - trace com.mchange.v2.resourcepool.BasicResourcePool@1eb35ea [managed: 3, unused: 2, excluded: 0] (e.g. com.mchange.v2.c3p0.impl.NewPooledConnection@1f942b5)
DEBUG - decremented pending_acquires: 0
DEBUG - Acquisition series terminated successfully. Decremented pending_acquires [0],  attempts_remaining: 30
DEBUG - SQL update affected 1 rows
DEBUG - Returning JDBC Connection to DataSource
DEBUG - com.mchange.v2.async.ThreadPoolAsynchronousRunner@1a1b175: Adding task to queue -- com.mchange.v2.resourcepool.BasicResourcePool$1RefurbishCheckinResourceTask@4cba70
DEBUG - trace com.mchange.v2.resourcepool.BasicResourcePool@1eb35ea [managed: 3, unused: 2, excluded: 0] (e.g. com.mchange.v2.c3p0.impl.NewPooledConnection@1f942b5)
